#
# A fatal error has been detected by the Java Runtime Environment:
#
#  EXCEPTION_ACCESS_VIOLATION (0xc0000005) at pc=0x69cf7523, pid=6632, tid=5176
#
# JRE version: Java(TM) SE Runtime Environment (8.0_11-b12) (build 1.8.0_11-b12)
# Java VM: Java HotSpot(TM) Client VM (25.11-b03 mixed mode, sharing windows-x86 )
# Problematic frame:
# C  [client-bridge-1_4-x86.dll+0x17523]
#
# Failed to write core dump. Minidumps are not enabled by default on client versions of Windows
#
# If you would like to submit a bug report, please visit:
#   http://bugreport.sun.com/bugreport/crash.jsp
# The crash happened outside the Java Virtual Machine in native code.
# See problematic frame for where to report the bug.
#

---------------  T H R E A D  ---------------

Current thread (0x0132bc00):  JavaThread "main" [_thread_in_native, id=5176, stack(0x01160000,0x011b0000)]

siginfo: ExceptionCode=0xc0000005, writing address 0xf63ce9a8

Registers:
EAX=0xf63ce9a8, EBX=0x00000005, ECX=0x00005a55, EDX=0x17b90000
ESP=0x011af23c, EBP=0x011af288, ESI=0x18c7d020, EDI=0x164b9cc0
EIP=0x69cf7523, EFLAGS=0x00010202

Top of Stack: (sp=0x011af23c)
0x011af23c:   18ba9b00 164b9cc0 000000ff 164b9cc0
0x011af24c:   012e6100 011af27c 0000000b 012e6100
0x011af25c:   011af27c 012e6100 0132bd30 011af288
0x011af26c:   011af2a0 69ce9bbd 18c7d020 012e6100
0x011af27c:   0132bc00 0505af8c 00000000 011af2b8
0x011af28c:   02dc406a 0132bd30 011af29c 011af2a0
0x011af29c:   0a3f1c38 0505af70 011af2b8 0000000a
0x011af2ac:   00000003 0505af20 0503c2a8 011af400 

Instructions: (pc=0x69cf7523)
0x69cf7503:   01 89 90 fc 45 a7 00 8b 56 04 8b 82 04 9b 01 01
0x69cf7513:   05 96 77 15 00 8d 04 40 8d 04 82 bb 05 00 00 00
0x69cf7523:   89 18 89 48 04 33 ed 89 68 08 8b 76 04 ff 86 04
0x69cf7533:   9b 01 01 57 ff 15 dc 21 e2 69 83 c4 28 5f 5e 5d 


Register to memory mapping:

EAX=0xf63ce9a8 is an unknown value
EBX=0x00000005 is an unknown value
ECX=0x00005a55 is an unknown value
EDX=0x17b90000 is an unknown value
ESP=0x011af23c is pointing into the stack for thread: 0x0132bc00
EBP=0x011af288 is pointing into the stack for thread: 0x0132bc00
ESI=0x18c7d020 is an unknown value
EDI=0x164b9cc0 is an unknown value


Stack: [0x01160000,0x011b0000],  sp=0x011af23c,  free space=316k
Native frames: (J=compiled Java code, j=interpreted, Vv=VM code, C=native code)
C  [client-bridge-1_4-x86.dll+0x17523]
J 50  javabot.JNIBWAPI.sendText(Ljava/lang/String;)V (0 bytes) @ 0x02dc406a [0x02dc3fd0+0x9a]
J 34% C1 javabot.JavaBot.drawThreatMap()V (299 bytes) @ 0x02dbe064 [0x02dbd780+0x8e4]
j  javabot.JavaBot.drawDebugInfo()V+1
j  javabot.JavaBot.gameUpdate()V+1
j  javabot.JNIBWAPI.gameUpdate()V+545
v  ~StubRoutines::call_stub
V  [jvm.dll+0x142295]
V  [jvm.dll+0x2073ae]
V  [jvm.dll+0x14232e]
V  [jvm.dll+0xcea01]
V  [jvm.dll+0xd03fc]
C  [client-bridge-1_4-x86.dll+0x101a]
C  [client-bridge-1_4-x86.dll+0x1497]
j  javabot.JNIBWAPI.startClient(Ljavabot/JNIBWAPI;)V+0
j  javabot.JNIBWAPI.start()V+2
j  javabot.JavaBot.<init>()V+20
j  javabot.JavaBot.main([Ljava/lang/String;)V+3
v  ~StubRoutines::call_stub
V  [jvm.dll+0x142295]
V  [jvm.dll+0x2073ae]
V  [jvm.dll+0x14232e]
V  [jvm.dll+0xce7c7]
V  [jvm.dll+0xd6d6f]
C  [javaw.exe+0x20d8]
C  [javaw.exe+0xab91]
C  [javaw.exe+0xac1b]
C  [KERNEL32.DLL+0x1919f]
C  [ntdll.dll+0x4a22b]
C  [ntdll.dll+0x4a201]

Java frames: (J=compiled Java code, j=interpreted, Vv=VM code)
J 50  javabot.JNIBWAPI.sendText(Ljava/lang/String;)V (0 bytes) @ 0x02dc4026 [0x02dc3fd0+0x56]
J 34% C1 javabot.JavaBot.drawThreatMap()V (299 bytes) @ 0x02dbe064 [0x02dbd780+0x8e4]
j  javabot.JavaBot.drawDebugInfo()V+1
j  javabot.JavaBot.gameUpdate()V+1
j  javabot.JNIBWAPI.gameUpdate()V+545
v  ~StubRoutines::call_stub
j  javabot.JNIBWAPI.startClient(Ljavabot/JNIBWAPI;)V+0
j  javabot.JNIBWAPI.start()V+2
j  javabot.JavaBot.<init>()V+20
j  javabot.JavaBot.main([Ljava/lang/String;)V+3
v  ~StubRoutines::call_stub

---------------  P R O C E S S  ---------------

Java Threads: ( => current thread )
  0x0124f000 JavaThread "Service Thread" daemon [_thread_blocked, id=3472, stack(0x15fc0000,0x16010000)]
  0x01228c00 JavaThread "C1 CompilerThread0" daemon [_thread_blocked, id=6932, stack(0x15a10000,0x15a60000)]
  0x01227c00 JavaThread "Attach Listener" daemon [_thread_blocked, id=6300, stack(0x15980000,0x159d0000)]
  0x0121dc00 JavaThread "Signal Dispatcher" daemon [_thread_blocked, id=7080, stack(0x158f0000,0x15940000)]
  0x0121b800 JavaThread "Finalizer" daemon [_thread_blocked, id=5052, stack(0x15860000,0x158b0000)]
  0x01214800 JavaThread "Reference Handler" daemon [_thread_blocked, id=6792, stack(0x14e00000,0x14e50000)]
=>0x0132bc00 JavaThread "main" [_thread_in_native, id=5176, stack(0x01160000,0x011b0000)]

Other Threads:
  0x01212c00 VMThread [stack: 0x04d50000,0x04da0000] [id=6164]
  0x01254000 WatcherThread [stack: 0x16050000,0x160a0000] [id=5020]

VM state:not at safepoint (normal execution)

VM Mutex/Monitor currently owned by a thread: None

Heap:
 def new generation   total 4928K, used 2956K [0x04e00000, 0x05350000, 0x0a350000)
  eden space 4416K,  55% used [0x04e00000, 0x05063320, 0x05250000)
  from space 512K, 100% used [0x052d0000, 0x05350000, 0x05350000)
  to   space 512K,   0% used [0x05250000, 0x05250000, 0x052d0000)
 tenured generation   total 10944K, used 7383K [0x0a350000, 0x0ae00000, 0x14e00000)
   the space 10944K,  67% used [0x0a350000, 0x0aa85c50, 0x0aa85e00, 0x0ae00000)
 Metaspace       used 151K, capacity 2376K, committed 2496K, reserved 4480K

Card table byte_map: [0x02c00000,0x02c90000] byte_map_base: 0x02bd9000

Polling page: 0x01140000

CodeCache: size=32768Kb used=721Kb max_used=721Kb free=32046Kb
 bounds [0x02d10000, 0x02dc8000, 0x04d10000]
 total_blobs=188 nmethods=50 adapters=70
 compilation: enabled

Compilation events (10 events):
Event: 266.603 Thread 0x01228c00   45             java.lang.AbstractStringBuilder::append (62 bytes)
Event: 266.603 Thread 0x01228c00 nmethod 45 0x02dc2b48 code [0x02dc2c80, 0x02dc2e34]
Event: 266.604 Thread 0x01228c00   46             java.lang.String::<init> (62 bytes)
Event: 266.604 Thread 0x01228c00 nmethod 46 0x02dc30c8 code [0x02dc3200, 0x02dc33d0]
Event: 266.605 Thread 0x01228c00   47             java.util.Arrays::copyOfRange (63 bytes)
Event: 266.605 Thread 0x01228c00 nmethod 47 0x02dc3588 code [0x02dc36e0, 0x02dc3a78]
Event: 266.605 Thread 0x01228c00   48             java.lang.String::<init> (10 bytes)
Event: 266.606 Thread 0x01228c00 nmethod 48 0x02dc3d08 code [0x02dc3e00, 0x02dc3e90]
Event: 266.606 Thread 0x01228c00   49             java.lang.Integer::toString (48 bytes)
Event: 266.606 Thread 0x01228c00 nmethod 49 0x02dc4148 code [0x02dc4270, 0x02dc447c]

GC Heap History (6 events):
Event: 266.563 GC heap before
{Heap before GC invocations=0 (full 0):
 def new generation   total 4928K, used 1692K [0x04e00000, 0x05350000, 0x0a350000)
  eden space 4416K,  38% used [0x04e00000, 0x04fa70d0, 0x05250000)
  from space 512K,   0% used [0x05250000, 0x05250000, 0x052d0000)
  to   space 512K,   0% used [0x052d0000, 0x052d0000, 0x05350000)
 tenured generation   total 10944K, used 0K [0x0a350000, 0x0ae00000, 0x14e00000)
   the space 10944K,   0% used [0x0a350000, 0x0a350000, 0x0a350200, 0x0ae00000)
 Metaspace       used 148K, capacity 2376K, committed 2496K, reserved 4480K
Event: 266.566 GC heap after
Heap after GC invocations=1 (full 0):
 def new generation   total 4928K, used 512K [0x04e00000, 0x05350000, 0x0a350000)
  eden space 4416K,   0% used [0x04e00000, 0x04e00000, 0x05250000)
  from space 512K, 100% used [0x052d0000, 0x05350000, 0x05350000)
  to   space 512K,   0% used [0x05250000, 0x05250000, 0x052d0000)
 tenured generation   total 10944K, used 643K [0x0a350000, 0x0ae00000, 0x14e00000)
   the space 10944K,   5% used [0x0a350000, 0x0a3f0d18, 0x0a3f0e00, 0x0ae00000)
 Metaspace       used 148K, capacity 2376K, committed 2496K, reserved 4480K
}
Event: 266.570 GC heap before
{Heap before GC invocations=1 (full 0):
 def new generation   total 4928K, used 4784K [0x04e00000, 0x05350000, 0x0a350000)
  eden space 4416K,  96% used [0x04e00000, 0x0522c310, 0x05250000)
  from space 512K, 100% used [0x052d0000, 0x05350000, 0x05350000)
  to   space 512K,   0% used [0x05250000, 0x05250000, 0x052d0000)
 tenured generation   total 10944K, used 643K [0x0a350000, 0x0ae00000, 0x14e00000)
   the space 10944K,   5% used [0x0a350000, 0x0a3f0d18, 0x0a3f0e00, 0x0ae00000)
 Metaspace       used 148K, capacity 2376K, committed 2496K, reserved 4480K
Event: 266.578 GC heap after
Heap after GC invocations=2 (full 0):
 def new generation   total 4928K, used 64K [0x04e00000, 0x05350000, 0x0a350000)
  eden space 4416K,   0% used [0x04e00000, 0x04e00000, 0x05250000)
  from space 512K,  12% used [0x05250000, 0x052600c0, 0x052d0000)
  to   space 512K,   0% used [0x052d0000, 0x052d0000, 0x05350000)
 tenured generation   total 10944K, used 5251K [0x0a350000, 0x0ae00000, 0x14e00000)
   the space 10944K,  47% used [0x0a350000, 0x0a870d08, 0x0a870e00, 0x0ae00000)
 Metaspace       used 148K, capacity 2376K, committed 2496K, reserved 4480K
}
Event: 266.614 GC heap before
{Heap before GC invocations=2 (full 0):
 def new generation   total 4928K, used 4480K [0x04e00000, 0x05350000, 0x0a350000)
  eden space 4416K, 100% used [0x04e00000, 0x05250000, 0x05250000)
  from space 512K,  12% used [0x05250000, 0x052600c0, 0x052d0000)
  to   space 512K,   0% used [0x052d0000, 0x052d0000, 0x05350000)
 tenured generation   total 10944K, used 5251K [0x0a350000, 0x0ae00000, 0x14e00000)
   the space 10944K,  47% used [0x0a350000, 0x0a870d08, 0x0a870e00, 0x0ae00000)
 Metaspace       used 151K, capacity 2376K, committed 2496K, reserved 4480K
Event: 266.622 GC heap after
Heap after GC invocations=3 (full 0):
 def new generation   total 4928K, used 512K [0x04e00000, 0x05350000, 0x0a350000)
  eden space 4416K,   0% used [0x04e00000, 0x04e00000, 0x05250000)
  from space 512K, 100% used [0x052d0000, 0x05350000, 0x05350000)
  to   space 512K,   0% used [0x05250000, 0x05250000, 0x052d0000)
 tenured generation   total 10944K, used 7383K [0x0a350000, 0x0ae00000, 0x14e00000)
   the space 10944K,  67% used [0x0a350000, 0x0aa85c50, 0x0aa85e00, 0x0ae00000)
 Metaspace       used 151K, capacity 2376K, committed 2496K, reserved 4480K
}

Deoptimization events (0 events):
No events

Internal exceptions (10 events):
Event: 10.428 Thread 0x0132bc00 Exception <a 'java/security/PrivilegedActionException'> (0x04ebc208) thrown at [D:\re\puppet\workspace\8-2-build-windows-i586-cygwin\jdk8u11\648\hotspot\src\share\vm\prims\jvm.cpp, line 1248]
Event: 10.430 Thread 0x0132bc00 Exception <a 'java/security/PrivilegedActionException'> (0x04ec6ca8) thrown at [D:\re\puppet\workspace\8-2-build-windows-i586-cygwin\jdk8u11\648\hotspot\src\share\vm\prims\jvm.cpp, line 1248]
Event: 10.431 Thread 0x0132bc00 Exception <a 'java/security/PrivilegedActionException'> (0x04ec86e8) thrown at [D:\re\puppet\workspace\8-2-build-windows-i586-cygwin\jdk8u11\648\hotspot\src\share\vm\prims\jvm.cpp, line 1248]
Event: 10.432 Thread 0x0132bc00 Exception <a 'java/security/PrivilegedActionException'> (0x04ecb090) thrown at [D:\re\puppet\workspace\8-2-build-windows-i586-cygwin\jdk8u11\648\hotspot\src\share\vm\prims\jvm.cpp, line 1248]
Event: 10.433 Thread 0x0132bc00 Exception <a 'java/security/PrivilegedActionException'> (0x04eccb58) thrown at [D:\re\puppet\workspace\8-2-build-windows-i586-cygwin\jdk8u11\648\hotspot\src\share\vm\prims\jvm.cpp, line 1248]
Event: 10.434 Thread 0x0132bc00 Exception <a 'java/security/PrivilegedActionException'> (0x04ecee90) thrown at [D:\re\puppet\workspace\8-2-build-windows-i586-cygwin\jdk8u11\648\hotspot\src\share\vm\prims\jvm.cpp, line 1248]
Event: 10.435 Thread 0x0132bc00 Exception <a 'java/security/PrivilegedActionException'> (0x04ed1af0) thrown at [D:\re\puppet\workspace\8-2-build-windows-i586-cygwin\jdk8u11\648\hotspot\src\share\vm\prims\jvm.cpp, line 1248]
Event: 266.541 Thread 0x0132bc00 Exception <a 'java/security/PrivilegedActionException'> (0x04ed7a40) thrown at [D:\re\puppet\workspace\8-2-build-windows-i586-cygwin\jdk8u11\648\hotspot\src\share\vm\prims\jvm.cpp, line 1248]
Event: 266.547 Thread 0x0132bc00 Exception <a 'java/security/PrivilegedActionException'> (0x04f200f8) thrown at [D:\re\puppet\workspace\8-2-build-windows-i586-cygwin\jdk8u11\648\hotspot\src\share\vm\prims\jvm.cpp, line 1248]
Event: 266.584 Thread 0x0132bc00 Exception <a 'java/security/PrivilegedActionException'> (0x04f07330) thrown at [D:\re\puppet\workspace\8-2-build-windows-i586-cygwin\jdk8u11\648\hotspot\src\share\vm\prims\jvm.cpp, line 1248]

Events (10 events):
Event: 266.570 Executing VM operation: GenCollectForAllocation
Event: 266.578 Executing VM operation: GenCollectForAllocation done
Event: 266.583 loading class javabot/model/Region
Event: 266.583 loading class javabot/model/Region done
Event: 266.614 Executing VM operation: GenCollectForAllocation
Event: 266.622 Executing VM operation: GenCollectForAllocation done
Event: 266.622 Executing VM operation: RevokeBias
Event: 266.622 Executing VM operation: RevokeBias done
Event: 266.622 Executing VM operation: RevokeBias
Event: 266.622 Executing VM operation: RevokeBias done


Dynamic libraries:
0x00380000 - 0x003b0000 	C:\Program Files (x86)\Java\jre8\bin\javaw.exe
0x77e60000 - 0x77fc8000 	C:\WINDOWS\SYSTEM32\ntdll.dll
0x75af0000 - 0x75c30000 	C:\WINDOWS\SYSTEM32\KERNEL32.DLL
0x759e0000 - 0x75aaf000 	C:\WINDOWS\SYSTEM32\KERNELBASE.dll
0x74a80000 - 0x74b19000 	C:\WINDOWS\system32\apphelp.dll
0x74820000 - 0x74a79000 	C:\WINDOWS\AppPatch\AcGenral.DLL
0x771e0000 - 0x7729e000 	C:\WINDOWS\SYSTEM32\msvcrt.dll
0x77770000 - 0x777ae000 	C:\WINDOWS\SYSTEM32\sechost.dll
0x75890000 - 0x758ad000 	C:\WINDOWS\SYSTEM32\SspiCli.dll
0x777b0000 - 0x777f1000 	C:\WINDOWS\SYSTEM32\SHLWAPI.dll
0x74740000 - 0x7481b000 	C:\WINDOWS\SYSTEM32\UxTheme.dll
0x77570000 - 0x776bf000 	C:\WINDOWS\SYSTEM32\USER32.dll
0x779b0000 - 0x77ab7000 	C:\WINDOWS\SYSTEM32\GDI32.dll
0x746d0000 - 0x746f0000 	C:\WINDOWS\SYSTEM32\WINMM.dll
0x746b0000 - 0x746c2000 	C:\WINDOWS\SYSTEM32\samcli.dll
0x77ad0000 - 0x77bdc000 	C:\WINDOWS\SYSTEM32\ole32.dll
0x772a0000 - 0x77327000 	C:\WINDOWS\SYSTEM32\OLEAUT32.dll
0x74690000 - 0x746a5000 	C:\WINDOWS\SYSTEM32\MSACM32.dll
0x74dc0000 - 0x74dc8000 	C:\WINDOWS\SYSTEM32\VERSION.dll
0x76020000 - 0x771e0000 	C:\WINDOWS\SYSTEM32\SHELL32.dll
0x745d0000 - 0x745e9000 	C:\WINDOWS\SYSTEM32\USERENV.dll
0x745b0000 - 0x745c8000 	C:\WINDOWS\SYSTEM32\dwmapi.dll
0x74480000 - 0x745a8000 	C:\WINDOWS\SYSTEM32\urlmon.dll
0x75e50000 - 0x75ec8000 	C:\WINDOWS\SYSTEM32\ADVAPI32.dll
0x74420000 - 0x7447e000 	C:\WINDOWS\SYSTEM32\WINSPOOL.DRV
0x74340000 - 0x74354000 	C:\WINDOWS\SYSTEM32\MPR.dll
0x758b0000 - 0x75960000 	C:\WINDOWS\SYSTEM32\RPCRT4.dll
0x75880000 - 0x75889000 	C:\WINDOWS\SYSTEM32\CRYPTBASE.dll
0x77810000 - 0x7795e000 	C:\WINDOWS\SYSTEM32\combase.dll
0x74320000 - 0x74340000 	C:\WINDOWS\SYSTEM32\WINMMBASE.dll
0x74310000 - 0x7431e000 	C:\WINDOWS\SYSTEM32\profapi.dll
0x740f0000 - 0x7430a000 	C:\WINDOWS\SYSTEM32\iertutil.dll
0x73f30000 - 0x740ed000 	C:\WINDOWS\SYSTEM32\WININET.dll
0x75820000 - 0x75873000 	C:\WINDOWS\SYSTEM32\bcryptPrimitives.dll
0x75d70000 - 0x75daa000 	C:\WINDOWS\SYSTEM32\cfgmgr32.dll
0x73f10000 - 0x73f2f000 	C:\WINDOWS\SYSTEM32\DEVOBJ.dll
0x73e90000 - 0x73f06000 	C:\WINDOWS\SYSTEM32\SHCORE.DLL
0x774b0000 - 0x774d5000 	C:\WINDOWS\system32\IMM32.DLL
0x75c30000 - 0x75d27000 	C:\WINDOWS\SYSTEM32\MSCTF.dll
0x73900000 - 0x73ae6000 	C:\WINDOWS\WinSxS\x86_microsoft.windows.common-controls_6595b64144ccf1df_6.0.9600.17031_none_a9efdb8b01377ea7\COMCTL32.dll
0x71a30000 - 0x71aef000 	C:\Program Files (x86)\Java\jre8\bin\msvcr100.dll
0x64690000 - 0x64a27000 	C:\Program Files (x86)\Java\jre8\bin\client\jvm.dll
0x73b90000 - 0x73b98000 	C:\WINDOWS\SYSTEM32\WSOCK32.dll
0x75ac0000 - 0x75ac6000 	C:\WINDOWS\SYSTEM32\PSAPI.DLL
0x77960000 - 0x779ad000 	C:\WINDOWS\SYSTEM32\WS2_32.dll
0x77800000 - 0x77807000 	C:\WINDOWS\SYSTEM32\NSI.dll
0x71a20000 - 0x71a2c000 	C:\Program Files (x86)\Java\jre8\bin\verify.dll
0x719f0000 - 0x71a11000 	C:\Program Files (x86)\Java\jre8\bin\java.dll
0x719d0000 - 0x719e3000 	C:\Program Files (x86)\Java\jre8\bin\zip.dll
0x69ce0000 - 0x69ec4000 	C:\Users\wesley\Desktop\JNIBWAPI Starter Pack\jnibwapi\release\client-bridge-1_4-x86.dll
0x162a0000 - 0x162cb000 	C:\MinGW\bin\gmp-vc90-mt.dll
0x162d0000 - 0x16311000 	C:\MinGW\bin\mpfr-vc90-mt.dll
0x718e0000 - 0x7196e000 	C:\WINDOWS\WinSxS\x86_microsoft.vc90.crt_1fc8b3b9a1e18e3b_9.0.30729.8387_none_5094ca96bcb6b2bb\MSVCP90.dll
0x75770000 - 0x75813000 	C:\WINDOWS\WinSxS\x86_microsoft.vc90.crt_1fc8b3b9a1e18e3b_9.0.30729.8387_none_5094ca96bcb6b2bb\MSVCR90.dll
0x698a0000 - 0x699e8000 	C:\WINDOWS\SYSTEM32\dbghelp.dll

VM Arguments:
jvm_args: -Djava.library.path=C:\Users\wesley\Desktop\JNIBWAPI Starter Pack\jnibwapi\release -Dfile.encoding=Cp1252 
java_command: javabot.JavaBot
java_class_path (initial): C:\Users\wesley\Desktop\JNIBWAPI Starter Pack\jnibwapi\bin
Launcher Type: SUN_STANDARD

Environment Variables:
CLASSPATH=.;C:\Program Files (x86)\Java\jre7\lib\ext\QTJava.zip
PATH=C:/Program Files/Java/jdk1.7.0_40/bin/../jre/bin/server;C:/Program Files/Java/jdk1.7.0_40/bin/../jre/bin;C:/Program Files/Java/jdk1.7.0_40/bin/../jre/lib/amd64;C:\MinGW\bin;C:\Python33\;C:\Program Files (x86)\Intel\iCLS Client\;C:\Program Files\Intel\iCLS Client\;C:\WINDOWS\system32;C:\WINDOWS;C:\WINDOWS\System32\Wbem;C:\WINDOWS\System32\WindowsPowerShell\v1.0\;C:\Program Files\Intel\Intel(R) Management Engine Components\DAL;C:\Program Files\Intel\Intel(R) Management Engine Components\IPT;C:\Program Files (x86)\Intel\Intel(R) Management Engine Components\DAL;C:\Program Files (x86)\Intel\Intel(R) Management Engine Components\IPT;C:\Program Files (x86)\Intel\OpenCL SDK\2.0\bin\x86;C:\Program Files (x86)\Intel\OpenCL SDK\2.0\bin\x64;C:\Program Files (x86)\QuickTime\QTSystem\;C:\Program Files\Microsoft SQL Server\110\Tools\Binn\;c:\Program Files (x86)\Microsoft SQL Server\100\Tools\Binn\;c:\Program Files\Microsoft SQL Server\100\Tools\Binn\;c:\Program Files\Microsoft SQL Server\100\DTS\Binn\;C:\Program Files\Microsoft\Web Platform Installer\;C:\Program Files\Java\jdk1.7.0_40\bin;C:\Program Files\eclipse;
USERNAME=wesley
OS=Windows_NT
PROCESSOR_IDENTIFIER=Intel64 Family 6 Model 58 Stepping 9, GenuineIntel



---------------  S Y S T E M  ---------------

OS: Windows 8.1 , 64 bit Build 9600 

CPU:total 4 (2 cores per cpu, 2 threads per core) family 6 model 58 stepping 9, cmov, cx8, fxsr, mmx, sse, sse2, sse3, ssse3, sse4.1, sse4.2, popcnt, avx, clmul, erms, ht, tsc, tscinvbit

Memory: 4k page, physical 4055292k(1150976k free), swap 7856380k(3880908k free)

vm_info: Java HotSpot(TM) Client VM (25.11-b03) for windows-x86 JRE (1.8.0_11-b12), built on Jun 16 2014 18:18:58 by "java_re" with MS VC++ 10.0 (VS2010)

time: Wed Aug 20 21:15:01 2014
elapsed time: 266 seconds

