#
# A fatal error has been detected by the Java Runtime Environment:
#
#  EXCEPTION_ACCESS_VIOLATION (0xc0000005) at pc=0x6981834a, pid=7032, tid=6620
#
# JRE version: Java(TM) SE Runtime Environment (8.0_11-b12) (build 1.8.0_11-b12)
# Java VM: Java HotSpot(TM) Client VM (25.11-b03 mixed mode, sharing windows-x86 )
# Problematic frame:
# C  [client-bridge-1_4-x86.dll+0x1834a]
#
# Failed to write core dump. Minidumps are not enabled by default on client versions of Windows
#
# If you would like to submit a bug report, please visit:
#   http://bugreport.sun.com/bugreport/crash.jsp
# The crash happened outside the Java Virtual Machine in native code.
# See problematic frame for where to report the bug.
#

---------------  T H R E A D  ---------------

Current thread (0x00b7bc00):  JavaThread "main" [_thread_in_native, id=6620, stack(0x00a70000,0x00ac0000)]

siginfo: ExceptionCode=0xc0000005, writing address 0x18c67000

Registers:
EAX=0x17b90000, EBX=0x15f8d020, ECX=0x00000005, EDX=0x00000005
ESP=0x00abf408, EBP=0x00abf458, ESI=0x00abf428, EDI=0x18c67000
EIP=0x6981834a, EFLAGS=0x00010202

Top of Stack: (sp=0x00abf408)
0x00abf408:   00b7bc00 69948514 09df1c58 00000004
0x00abf418:   00000002 00001360 00000e80 00000000
0x00abf428:   00000000 00000005 00000000 0000006f
0x00abf438:   00000000 69808996 00001360 00000e80
0x00abf448:   00000005 0000006f 00000000 0000009b
0x00abf458:   00abf498 027b073a 00b7bd30 00abf480
0x00abf468:   00001360 00000e80 00000005 0000006f
0x00abf478:   00000000 0000006f 09df1c58 00abf498 

Instructions: (pc=0x6981834a)
0x6981832a:   88 44 24 30 8b 43 04 8b 88 00 66 f5 00 8d 0c 89
0x6981833a:   8d bc c8 04 66 f5 00 b9 0a 00 00 00 8d 74 24 0c
0x6981834a:   f3 a5 8b 43 04 ff 80 00 66 f5 00 5f 5e 5b 83 c4
0x6981835a:   28 c2 14 00 cc cc 83 ec 28 53 8b d9 8b 4b 04 33 


Register to memory mapping:

EAX=0x17b90000 is an unknown value
EBX=0x15f8d020 is an unknown value
ECX=0x00000005 is an unknown value
EDX=0x00000005 is an unknown value
ESP=0x00abf408 is pointing into the stack for thread: 0x00b7bc00
EBP=0x00abf458 is pointing into the stack for thread: 0x00b7bc00
ESI=0x00abf428 is pointing into the stack for thread: 0x00b7bc00
EDI=0x18c67000 is an unknown value


Stack: [0x00a70000,0x00ac0000],  sp=0x00abf408,  free space=317k
Native frames: (J=compiled Java code, j=interpreted, Vv=VM code, C=native code)
C  [client-bridge-1_4-x86.dll+0x1834a]
J 40  javabot.JNIBWAPI.drawCircle(IIIIZZ)V (0 bytes) @ 0x027b073a [0x027b0690+0xaa]
J 41% C1 javabot.JavaBot.drawThreatMap()V (90 bytes) @ 0x027b0b70 [0x027b0970+0x200]
j  javabot.JavaBot.drawDebugInfo()V+1
j  javabot.JavaBot.gameUpdate()V+1
j  javabot.JNIBWAPI.gameUpdate()V+545
v  ~StubRoutines::call_stub
V  [jvm.dll+0x142295]
V  [jvm.dll+0x2073ae]
V  [jvm.dll+0x14232e]
V  [jvm.dll+0xcea01]
V  [jvm.dll+0xd03fc]
C  [client-bridge-1_4-x86.dll+0x101a]
C  [client-bridge-1_4-x86.dll+0x1497]
j  javabot.JNIBWAPI.startClient(Ljavabot/JNIBWAPI;)V+0
j  javabot.JNIBWAPI.start()V+2
j  javabot.JavaBot.<init>()V+31
j  javabot.JavaBot.main([Ljava/lang/String;)V+3
v  ~StubRoutines::call_stub
V  [jvm.dll+0x142295]
V  [jvm.dll+0x2073ae]
V  [jvm.dll+0x14232e]
V  [jvm.dll+0xce7c7]
V  [jvm.dll+0xd6d6f]
C  [javaw.exe+0x20d8]
C  [javaw.exe+0xab91]
C  [javaw.exe+0xac1b]
C  [KERNEL32.DLL+0x1919f]
C  [ntdll.dll+0x4a22b]
C  [ntdll.dll+0x4a201]

Java frames: (J=compiled Java code, j=interpreted, Vv=VM code)
J 40  javabot.JNIBWAPI.drawCircle(IIIIZZ)V (0 bytes) @ 0x027b06f6 [0x027b0690+0x66]
J 41% C1 javabot.JavaBot.drawThreatMap()V (90 bytes) @ 0x027b0b70 [0x027b0970+0x200]
j  javabot.JavaBot.drawDebugInfo()V+1
j  javabot.JavaBot.gameUpdate()V+1
j  javabot.JNIBWAPI.gameUpdate()V+545
v  ~StubRoutines::call_stub
j  javabot.JNIBWAPI.startClient(Ljavabot/JNIBWAPI;)V+0
j  javabot.JNIBWAPI.start()V+2
j  javabot.JavaBot.<init>()V+31
j  javabot.JavaBot.main([Ljava/lang/String;)V+3
v  ~StubRoutines::call_stub

---------------  P R O C E S S  ---------------

Java Threads: ( => current thread )
  0x00d27000 JavaThread "Service Thread" daemon [_thread_blocked, id=6532, stack(0x153c0000,0x15410000)]
  0x00cf9000 JavaThread "C1 CompilerThread0" daemon [_thread_blocked, id=6624, stack(0x14dc0000,0x14e10000)]
  0x00cf8000 JavaThread "Attach Listener" daemon [_thread_blocked, id=6892, stack(0x14d30000,0x14d80000)]
  0x00cf6000 JavaThread "Signal Dispatcher" daemon [_thread_blocked, id=4712, stack(0x14ca0000,0x14cf0000)]
  0x00cea800 JavaThread "Finalizer" daemon [_thread_blocked, id=6744, stack(0x04790000,0x047e0000)]
  0x00ce4800 JavaThread "Reference Handler" daemon [_thread_blocked, id=7052, stack(0x04700000,0x04750000)]
=>0x00b7bc00 JavaThread "main" [_thread_in_native, id=6620, stack(0x00a70000,0x00ac0000)]

Other Threads:
  0x00ce2c00 VMThread [stack: 0x02640000,0x02690000] [id=3480]
  0x00d2c400 WatcherThread [stack: 0x15450000,0x154a0000] [id=6484]

VM state:not at safepoint (normal execution)

VM Mutex/Monitor currently owned by a thread: None

Heap:
 def new generation   total 4928K, used 3572K [0x04800000, 0x04d50000, 0x09d50000)
  eden space 4416K,  79% used [0x04800000, 0x04b6d1d0, 0x04c50000)
  from space 512K,  12% used [0x04c50000, 0x04c600c0, 0x04cd0000)
  to   space 512K,   0% used [0x04cd0000, 0x04cd0000, 0x04d50000)
 tenured generation   total 10944K, used 5251K [0x09d50000, 0x0a800000, 0x14800000)
   the space 10944K,  47% used [0x09d50000, 0x0a270d28, 0x0a270e00, 0x0a800000)
 Metaspace       used 151K, capacity 2376K, committed 2496K, reserved 4480K

Card table byte_map: [0x02570000,0x02600000] byte_map_base: 0x0254c000

Polling page: 0x00ac0000

CodeCache: size=32768Kb used=708Kb max_used=708Kb free=32059Kb
 bounds [0x02700000, 0x027b8000, 0x04700000]
 total_blobs=178 nmethods=41 adapters=70
 compilation: enabled

Compilation events (10 events):
Event: 9.234 Thread 0x00cf9000   36             java.util.HashMap::hash (20 bytes)
Event: 9.234 Thread 0x00cf9000 nmethod 36 0x027afd48 code [0x027afe40, 0x027afedc]
Event: 9.235 Thread 0x00cf9000   37             java.lang.Integer::hashCode (8 bytes)
Event: 9.235 Thread 0x00cf9000 nmethod 37 0x027aff48 code [0x027b0040, 0x027b00c0]
Event: 9.235 Thread 0x00cf9000   38             java.lang.Integer::hashCode (2 bytes)
Event: 9.235 Thread 0x00cf9000 nmethod 38 0x027b0108 code [0x027b0200, 0x027b0270]
Event: 9.235 Thread 0x00cf9000   39             java.lang.Integer::valueOf (32 bytes)
Event: 9.235 Thread 0x00cf9000 nmethod 39 0x027b02c8 code [0x027b03c0, 0x027b04b0]
Event: 9.238 Thread 0x00cf9000   41 %           javabot.JavaBot::drawThreatMap @ 47 (90 bytes)
Event: 9.239 Thread 0x00cf9000 nmethod 41% 0x027b0808 code [0x027b0970, 0x027b0cc4]

GC Heap History (4 events):
Event: 9.191 GC heap before
{Heap before GC invocations=0 (full 0):
 def new generation   total 4928K, used 1697K [0x04800000, 0x04d50000, 0x09d50000)
  eden space 4416K,  38% used [0x04800000, 0x049a85e0, 0x04c50000)
  from space 512K,   0% used [0x04c50000, 0x04c50000, 0x04cd0000)
  to   space 512K,   0% used [0x04cd0000, 0x04cd0000, 0x04d50000)
 tenured generation   total 10944K, used 0K [0x09d50000, 0x0a800000, 0x14800000)
   the space 10944K,   0% used [0x09d50000, 0x09d50000, 0x09d50200, 0x0a800000)
 Metaspace       used 148K, capacity 2376K, committed 2496K, reserved 4480K
Event: 9.195 GC heap after
Heap after GC invocations=1 (full 0):
 def new generation   total 4928K, used 512K [0x04800000, 0x04d50000, 0x09d50000)
  eden space 4416K,   0% used [0x04800000, 0x04800000, 0x04c50000)
  from space 512K, 100% used [0x04cd0000, 0x04d50000, 0x04d50000)
  to   space 512K,   0% used [0x04c50000, 0x04c50000, 0x04cd0000)
 tenured generation   total 10944K, used 643K [0x09d50000, 0x0a800000, 0x14800000)
   the space 10944K,   5% used [0x09d50000, 0x09df0d38, 0x09df0e00, 0x0a800000)
 Metaspace       used 148K, capacity 2376K, committed 2496K, reserved 4480K
}
Event: 9.202 GC heap before
{Heap before GC invocations=1 (full 0):
 def new generation   total 4928K, used 4784K [0x04800000, 0x04d50000, 0x09d50000)
  eden space 4416K,  96% used [0x04800000, 0x04c2c310, 0x04c50000)
  from space 512K, 100% used [0x04cd0000, 0x04d50000, 0x04d50000)
  to   space 512K,   0% used [0x04c50000, 0x04c50000, 0x04cd0000)
 tenured generation   total 10944K, used 643K [0x09d50000, 0x0a800000, 0x14800000)
   the space 10944K,   5% used [0x09d50000, 0x09df0d38, 0x09df0e00, 0x0a800000)
 Metaspace       used 148K, capacity 2376K, committed 2496K, reserved 4480K
Event: 9.214 GC heap after
Heap after GC invocations=2 (full 0):
 def new generation   total 4928K, used 64K [0x04800000, 0x04d50000, 0x09d50000)
  eden space 4416K,   0% used [0x04800000, 0x04800000, 0x04c50000)
  from space 512K,  12% used [0x04c50000, 0x04c600c0, 0x04cd0000)
  to   space 512K,   0% used [0x04cd0000, 0x04cd0000, 0x04d50000)
 tenured generation   total 10944K, used 5251K [0x09d50000, 0x0a800000, 0x14800000)
   the space 10944K,  47% used [0x09d50000, 0x0a270d28, 0x0a270e00, 0x0a800000)
 Metaspace       used 148K, capacity 2376K, committed 2496K, reserved 4480K
}

Deoptimization events (0 events):
No events

Internal exceptions (10 events):
Event: 7.204 Thread 0x00b7bc00 Exception <a 'java/security/PrivilegedActionException'> (0x048bc080) thrown at [D:\re\puppet\workspace\8-2-build-windows-i586-cygwin\jdk8u11\648\hotspot\src\share\vm\prims\jvm.cpp, line 1248]
Event: 7.205 Thread 0x00b7bc00 Exception <a 'java/security/PrivilegedActionException'> (0x048c6b90) thrown at [D:\re\puppet\workspace\8-2-build-windows-i586-cygwin\jdk8u11\648\hotspot\src\share\vm\prims\jvm.cpp, line 1248]
Event: 7.206 Thread 0x00b7bc00 Exception <a 'java/security/PrivilegedActionException'> (0x048c85d0) thrown at [D:\re\puppet\workspace\8-2-build-windows-i586-cygwin\jdk8u11\648\hotspot\src\share\vm\prims\jvm.cpp, line 1248]
Event: 7.207 Thread 0x00b7bc00 Exception <a 'java/security/PrivilegedActionException'> (0x048caf78) thrown at [D:\re\puppet\workspace\8-2-build-windows-i586-cygwin\jdk8u11\648\hotspot\src\share\vm\prims\jvm.cpp, line 1248]
Event: 7.208 Thread 0x00b7bc00 Exception <a 'java/security/PrivilegedActionException'> (0x048cca40) thrown at [D:\re\puppet\workspace\8-2-build-windows-i586-cygwin\jdk8u11\648\hotspot\src\share\vm\prims\jvm.cpp, line 1248]
Event: 7.209 Thread 0x00b7bc00 Exception <a 'java/security/PrivilegedActionException'> (0x048ced78) thrown at [D:\re\puppet\workspace\8-2-build-windows-i586-cygwin\jdk8u11\648\hotspot\src\share\vm\prims\jvm.cpp, line 1248]
Event: 7.210 Thread 0x00b7bc00 Exception <a 'java/security/PrivilegedActionException'> (0x048d19d8) thrown at [D:\re\puppet\workspace\8-2-build-windows-i586-cygwin\jdk8u11\648\hotspot\src\share\vm\prims\jvm.cpp, line 1248]
Event: 9.165 Thread 0x00b7bc00 Exception <a 'java/security/PrivilegedActionException'> (0x048d7910) thrown at [D:\re\puppet\workspace\8-2-build-windows-i586-cygwin\jdk8u11\648\hotspot\src\share\vm\prims\jvm.cpp, line 1248]
Event: 9.171 Thread 0x00b7bc00 Exception <a 'java/security/PrivilegedActionException'> (0x0491ffd0) thrown at [D:\re\puppet\workspace\8-2-build-windows-i586-cygwin\jdk8u11\648\hotspot\src\share\vm\prims\jvm.cpp, line 1248]
Event: 9.219 Thread 0x00b7bc00 Exception <a 'java/security/PrivilegedActionException'> (0x04907330) thrown at [D:\re\puppet\workspace\8-2-build-windows-i586-cygwin\jdk8u11\648\hotspot\src\share\vm\prims\jvm.cpp, line 1248]

Events (10 events):
Event: 9.171 loading class javabot/model/Map
Event: 9.171 loading class javabot/model/Map done
Event: 9.191 Executing VM operation: GenCollectForAllocation
Event: 9.195 Executing VM operation: GenCollectForAllocation done
Event: 9.196 Executing VM operation: RevokeBias
Event: 9.201 Executing VM operation: RevokeBias done
Event: 9.202 Executing VM operation: GenCollectForAllocation
Event: 9.214 Executing VM operation: GenCollectForAllocation done
Event: 9.219 loading class javabot/model/Region
Event: 9.219 loading class javabot/model/Region done


Dynamic libraries:
0x00380000 - 0x003b0000 	C:\Program Files (x86)\Java\jre8\bin\javaw.exe
0x77e60000 - 0x77fc8000 	C:\WINDOWS\SYSTEM32\ntdll.dll
0x75af0000 - 0x75c30000 	C:\WINDOWS\SYSTEM32\KERNEL32.DLL
0x759e0000 - 0x75aaf000 	C:\WINDOWS\SYSTEM32\KERNELBASE.dll
0x74a80000 - 0x74b19000 	C:\WINDOWS\system32\apphelp.dll
0x74820000 - 0x74a79000 	C:\WINDOWS\AppPatch\AcGenral.DLL
0x771e0000 - 0x7729e000 	C:\WINDOWS\SYSTEM32\msvcrt.dll
0x77770000 - 0x777ae000 	C:\WINDOWS\SYSTEM32\sechost.dll
0x75890000 - 0x758ad000 	C:\WINDOWS\SYSTEM32\SspiCli.dll
0x777b0000 - 0x777f1000 	C:\WINDOWS\SYSTEM32\SHLWAPI.dll
0x74740000 - 0x7481b000 	C:\WINDOWS\SYSTEM32\UxTheme.dll
0x77570000 - 0x776bf000 	C:\WINDOWS\SYSTEM32\USER32.dll
0x779b0000 - 0x77ab7000 	C:\WINDOWS\SYSTEM32\GDI32.dll
0x746d0000 - 0x746f0000 	C:\WINDOWS\SYSTEM32\WINMM.dll
0x746b0000 - 0x746c2000 	C:\WINDOWS\SYSTEM32\samcli.dll
0x77ad0000 - 0x77bdc000 	C:\WINDOWS\SYSTEM32\ole32.dll
0x772a0000 - 0x77327000 	C:\WINDOWS\SYSTEM32\OLEAUT32.dll
0x74690000 - 0x746a5000 	C:\WINDOWS\SYSTEM32\MSACM32.dll
0x74dc0000 - 0x74dc8000 	C:\WINDOWS\SYSTEM32\VERSION.dll
0x76020000 - 0x771e0000 	C:\WINDOWS\SYSTEM32\SHELL32.dll
0x745d0000 - 0x745e9000 	C:\WINDOWS\SYSTEM32\USERENV.dll
0x745b0000 - 0x745c8000 	C:\WINDOWS\SYSTEM32\dwmapi.dll
0x74480000 - 0x745a8000 	C:\WINDOWS\SYSTEM32\urlmon.dll
0x75e50000 - 0x75ec8000 	C:\WINDOWS\SYSTEM32\ADVAPI32.dll
0x74420000 - 0x7447e000 	C:\WINDOWS\SYSTEM32\WINSPOOL.DRV
0x74340000 - 0x74354000 	C:\WINDOWS\SYSTEM32\MPR.dll
0x758b0000 - 0x75960000 	C:\WINDOWS\SYSTEM32\RPCRT4.dll
0x75880000 - 0x75889000 	C:\WINDOWS\SYSTEM32\CRYPTBASE.dll
0x77810000 - 0x7795e000 	C:\WINDOWS\SYSTEM32\combase.dll
0x74320000 - 0x74340000 	C:\WINDOWS\SYSTEM32\WINMMBASE.dll
0x74310000 - 0x7431e000 	C:\WINDOWS\SYSTEM32\profapi.dll
0x740f0000 - 0x7430a000 	C:\WINDOWS\SYSTEM32\iertutil.dll
0x73f30000 - 0x740ed000 	C:\WINDOWS\SYSTEM32\WININET.dll
0x75820000 - 0x75873000 	C:\WINDOWS\SYSTEM32\bcryptPrimitives.dll
0x75d70000 - 0x75daa000 	C:\WINDOWS\SYSTEM32\cfgmgr32.dll
0x73f10000 - 0x73f2f000 	C:\WINDOWS\SYSTEM32\DEVOBJ.dll
0x73e90000 - 0x73f06000 	C:\WINDOWS\SYSTEM32\SHCORE.DLL
0x774b0000 - 0x774d5000 	C:\WINDOWS\system32\IMM32.DLL
0x75c30000 - 0x75d27000 	C:\WINDOWS\SYSTEM32\MSCTF.dll
0x73900000 - 0x73ae6000 	C:\WINDOWS\WinSxS\x86_microsoft.windows.common-controls_6595b64144ccf1df_6.0.9600.17031_none_a9efdb8b01377ea7\COMCTL32.dll
0x69c50000 - 0x69d0f000 	C:\Program Files (x86)\Java\jre8\bin\msvcr100.dll
0x64690000 - 0x64a27000 	C:\Program Files (x86)\Java\jre8\bin\client\jvm.dll
0x73b90000 - 0x73b98000 	C:\WINDOWS\SYSTEM32\WSOCK32.dll
0x75ac0000 - 0x75ac6000 	C:\WINDOWS\SYSTEM32\PSAPI.DLL
0x77960000 - 0x779ad000 	C:\WINDOWS\SYSTEM32\WS2_32.dll
0x77800000 - 0x77807000 	C:\WINDOWS\SYSTEM32\NSI.dll
0x71a10000 - 0x71a1c000 	C:\Program Files (x86)\Java\jre8\bin\verify.dll
0x719e0000 - 0x71a01000 	C:\Program Files (x86)\Java\jre8\bin\java.dll
0x719c0000 - 0x719d3000 	C:\Program Files (x86)\Java\jre8\bin\zip.dll
0x69800000 - 0x699e4000 	C:\Users\wesley\Desktop\JNIBWAPI Starter Pack\jnibwapi\release\client-bridge-1_4-x86.dll
0x156a0000 - 0x156cb000 	C:\MinGW\bin\gmp-vc90-mt.dll
0x156d0000 - 0x15711000 	C:\MinGW\bin\mpfr-vc90-mt.dll
0x718e0000 - 0x7196e000 	C:\WINDOWS\WinSxS\x86_microsoft.vc90.crt_1fc8b3b9a1e18e3b_9.0.30729.8387_none_5094ca96bcb6b2bb\MSVCP90.dll
0x75770000 - 0x75813000 	C:\WINDOWS\WinSxS\x86_microsoft.vc90.crt_1fc8b3b9a1e18e3b_9.0.30729.8387_none_5094ca96bcb6b2bb\MSVCR90.dll
0x64540000 - 0x64688000 	C:\WINDOWS\SYSTEM32\dbghelp.dll

VM Arguments:
jvm_args: -Djava.library.path=C:\Users\wesley\Desktop\JNIBWAPI Starter Pack\jnibwapi\release -Dfile.encoding=Cp1252 
java_command: javabot.JavaBot
java_class_path (initial): C:\Users\wesley\Desktop\JNIBWAPI Starter Pack\jnibwapi\bin
Launcher Type: SUN_STANDARD

Environment Variables:
CLASSPATH=.;C:\Program Files (x86)\Java\jre7\lib\ext\QTJava.zip
PATH=C:/Program Files/Java/jdk1.7.0_40/bin/../jre/bin/server;C:/Program Files/Java/jdk1.7.0_40/bin/../jre/bin;C:/Program Files/Java/jdk1.7.0_40/bin/../jre/lib/amd64;C:\MinGW\bin;C:\Python33\;C:\Program Files (x86)\Intel\iCLS Client\;C:\Program Files\Intel\iCLS Client\;C:\WINDOWS\system32;C:\WINDOWS;C:\WINDOWS\System32\Wbem;C:\WINDOWS\System32\WindowsPowerShell\v1.0\;C:\Program Files\Intel\Intel(R) Management Engine Components\DAL;C:\Program Files\Intel\Intel(R) Management Engine Components\IPT;C:\Program Files (x86)\Intel\Intel(R) Management Engine Components\DAL;C:\Program Files (x86)\Intel\Intel(R) Management Engine Components\IPT;C:\Program Files (x86)\Intel\OpenCL SDK\2.0\bin\x86;C:\Program Files (x86)\Intel\OpenCL SDK\2.0\bin\x64;C:\Program Files (x86)\QuickTime\QTSystem\;C:\Program Files\Microsoft SQL Server\110\Tools\Binn\;c:\Program Files (x86)\Microsoft SQL Server\100\Tools\Binn\;c:\Program Files\Microsoft SQL Server\100\Tools\Binn\;c:\Program Files\Microsoft SQL Server\100\DTS\Binn\;C:\Program Files\Microsoft\Web Platform Installer\;C:\Program Files\Java\jdk1.7.0_40\bin;C:\Program Files\eclipse;
USERNAME=wesley
OS=Windows_NT
PROCESSOR_IDENTIFIER=Intel64 Family 6 Model 58 Stepping 9, GenuineIntel



---------------  S Y S T E M  ---------------

OS: Windows 8.1 , 64 bit Build 9600 

CPU:total 4 (2 cores per cpu, 2 threads per core) family 6 model 58 stepping 9, cmov, cx8, fxsr, mmx, sse, sse2, sse3, ssse3, sse4.1, sse4.2, popcnt, avx, clmul, erms, ht, tsc, tscinvbit

Memory: 4k page, physical 4055292k(1008216k free), swap 7856380k(3769892k free)

vm_info: Java HotSpot(TM) Client VM (25.11-b03) for windows-x86 JRE (1.8.0_11-b12), built on Jun 16 2014 18:18:58 by "java_re" with MS VC++ 10.0 (VS2010)

time: Wed Aug 20 22:01:38 2014
elapsed time: 9 seconds

