#
# A fatal error has been detected by the Java Runtime Environment:
#
#  EXCEPTION_ACCESS_VIOLATION (0xc0000005) at pc=0x69cf4b39, pid=6760, tid=6448
#
# JRE version: Java(TM) SE Runtime Environment (8.0_11-b12) (build 1.8.0_11-b12)
# Java VM: Java HotSpot(TM) Client VM (25.11-b03 mixed mode, sharing windows-x86 )
# Problematic frame:
# C  [client-bridge-1_4-x86.dll+0x14b39]
#
# Failed to write core dump. Minidumps are not enabled by default on client versions of Windows
#
# If you would like to submit a bug report, please visit:
#   http://bugreport.sun.com/bugreport/crash.jsp
# The crash happened outside the Java Virtual Machine in native code.
# See problematic frame for where to report the bug.
#

---------------  T H R E A D  ---------------

Current thread (0x020ebc00):  JavaThread "main" [_thread_in_native, id=6448, stack(0x01fe0000,0x02030000)]

siginfo: ExceptionCode=0xc0000005, writing address 0x1f982e9c

Registers:
EAX=0x17ba0000, EBX=0x155cb020, ECX=0x0000000a, EDX=0x00004e21
ESP=0x0202ef6c, EBP=0x0202efc4, ESI=0x0202ef98, EDI=0x1f982e9c
EIP=0x69cf4b39, EFLAGS=0x00010206

Top of Stack: (sp=0x0202ef6c)
0x0202ef6c:   18af6600 155bea80 000000ff 155cb020
0x0202ef7c:   155bea80 00000000 69cf7bff 021f8ae0
0x0202ef8c:   020ebd30 0202f024 0202f270 00000001
0x0202ef9c:   00000002 00000000 00000000 00000000
0x0202efac:   00000000 00004e20 00000001 00000000
0x0202efbc:   00000000 0000000a 0202efe8 69ce8ab0
0x0202efcc:   155cb020 00000000 00000000 021f8ae0
0x0202efdc:   020ebc00 043e951c 00000000 0202f018 

Instructions: (pc=0x69cf4b39)
0x69cf4b19:   90 fc 45 a7 00 89 4e 18 8b 43 04 8b 88 00 66 f5
0x69cf4b29:   00 8d 0c 89 8d bc c8 04 66 f5 00 b9 0a 00 00 00
0x69cf4b39:   f3 a5 8b 5b 04 8b 83 00 66 f5 00 83 c4 0c 5f 8d
0x69cf4b49:   50 01 5e 89 93 00 66 f5 00 5b c3 cc cc cc cc cc 


Register to memory mapping:

EAX=0x17ba0000 is an unknown value
EBX=0x155cb020 is an unknown value
ECX=0x0000000a is an unknown value
EDX=0x00004e21 is an unknown value
ESP=0x0202ef6c is pointing into the stack for thread: 0x020ebc00
EBP=0x0202efc4 is pointing into the stack for thread: 0x020ebc00
ESI=0x0202ef98 is pointing into the stack for thread: 0x020ebc00
EDI=0x1f982e9c is an unknown value


Stack: [0x01fe0000,0x02030000],  sp=0x0202ef6c,  free space=315k
Native frames: (J=compiled Java code, j=interpreted, Vv=VM code, C=native code)
C  [client-bridge-1_4-x86.dll+0x14b39]
C  [client-bridge-1_4-x86.dll+0x8ab0]
J 50  javabot.JNIBWAPI.drawText(IILjava/lang/String;Z)V (0 bytes) @ 0x022b40bb [0x022b4010+0xab]
J 34% C1 javabot.JavaBot.drawThreatMap()V (302 bytes) @ 0x022ae07c [0x022ad780+0x8fc]
j  javabot.JavaBot.drawDebugInfo()V+1
j  javabot.JavaBot.gameUpdate()V+1
j  javabot.JNIBWAPI.gameUpdate()V+545
v  ~StubRoutines::call_stub
V  [jvm.dll+0x142295]
V  [jvm.dll+0x2073ae]
V  [jvm.dll+0x14232e]
V  [jvm.dll+0xcea01]
V  [jvm.dll+0xd03fc]
C  [client-bridge-1_4-x86.dll+0x101a]
C  [client-bridge-1_4-x86.dll+0x1497]
j  javabot.JNIBWAPI.startClient(Ljavabot/JNIBWAPI;)V+0
j  javabot.JNIBWAPI.start()V+2
j  javabot.JavaBot.<init>()V+20
j  javabot.JavaBot.main([Ljava/lang/String;)V+3
v  ~StubRoutines::call_stub
V  [jvm.dll+0x142295]
V  [jvm.dll+0x2073ae]
V  [jvm.dll+0x14232e]
V  [jvm.dll+0xce7c7]
V  [jvm.dll+0xd6d6f]
C  [javaw.exe+0x20d8]
C  [javaw.exe+0xab91]
C  [javaw.exe+0xac1b]
C  [KERNEL32.DLL+0x1919f]
C  [ntdll.dll+0x4a22b]
C  [ntdll.dll+0x4a201]

Java frames: (J=compiled Java code, j=interpreted, Vv=VM code)
J 50  javabot.JNIBWAPI.drawText(IILjava/lang/String;Z)V (0 bytes) @ 0x022b4077 [0x022b4010+0x67]
J 34% C1 javabot.JavaBot.drawThreatMap()V (302 bytes) @ 0x022ae07c [0x022ad780+0x8fc]
j  javabot.JavaBot.drawDebugInfo()V+1
j  javabot.JavaBot.gameUpdate()V+1
j  javabot.JNIBWAPI.gameUpdate()V+545
v  ~StubRoutines::call_stub
j  javabot.JNIBWAPI.startClient(Ljavabot/JNIBWAPI;)V+0
j  javabot.JNIBWAPI.start()V+2
j  javabot.JavaBot.<init>()V+20
j  javabot.JavaBot.main([Ljava/lang/String;)V+3
v  ~StubRoutines::call_stub

---------------  P R O C E S S  ---------------

Java Threads: ( => current thread )
  0x02167000 JavaThread "Service Thread" daemon [_thread_blocked, id=2336, stack(0x14af0000,0x14b40000)]
  0x02139000 JavaThread "C1 CompilerThread0" daemon [_thread_blocked, id=6208, stack(0x14a60000,0x14ab0000)]
  0x02138000 JavaThread "Attach Listener" daemon [_thread_blocked, id=5476, stack(0x149d0000,0x14a20000)]
  0x02136000 JavaThread "Signal Dispatcher" daemon [_thread_blocked, id=4532, stack(0x14940000,0x14990000)]
  0x02127000 JavaThread "Finalizer" daemon [_thread_blocked, id=4524, stack(0x148b0000,0x14900000)]
  0x02124800 JavaThread "Reference Handler" daemon [_thread_blocked, id=6452, stack(0x14820000,0x14870000)]
=>0x020ebc00 JavaThread "main" [_thread_in_native, id=6448, stack(0x01fe0000,0x02030000)]

Other Threads:
  0x02122c00 VMThread [stack: 0x14790000,0x147e0000] [id=6392]
  0x0216e000 WatcherThread [stack: 0x14b80000,0x14bd0000] [id=188]

VM state:not at safepoint (normal execution)

VM Mutex/Monitor currently owned by a thread: None

Heap:
 def new generation   total 4928K, used 2488K [0x04200000, 0x04750000, 0x09750000)
  eden space 4416K,  44% used [0x04200000, 0x043ee290, 0x04650000)
  from space 512K, 100% used [0x046d0000, 0x04750000, 0x04750000)
  to   space 512K,   0% used [0x04650000, 0x04650000, 0x046d0000)
 tenured generation   total 10944K, used 7383K [0x09750000, 0x0a200000, 0x14200000)
   the space 10944K,  67% used [0x09750000, 0x09e85c50, 0x09e85e00, 0x0a200000)
 Metaspace       used 151K, capacity 2376K, committed 2496K, reserved 4480K

Card table byte_map: [0x14200000,0x14290000] byte_map_base: 0x141df000

Polling page: 0x008d0000

CodeCache: size=32768Kb used=721Kb max_used=721Kb free=32046Kb
 bounds [0x02200000, 0x022b8000, 0x04200000]
 total_blobs=188 nmethods=50 adapters=70
 compilation: enabled

Compilation events (10 events):
Event: 14.474 Thread 0x02139000   45             java.lang.AbstractStringBuilder::append (62 bytes)
Event: 14.474 Thread 0x02139000 nmethod 45 0x022b2b88 code [0x022b2cc0, 0x022b2e74]
Event: 14.475 Thread 0x02139000   46             java.util.Arrays::copyOfRange (63 bytes)
Event: 14.475 Thread 0x02139000 nmethod 46 0x022b3108 code [0x022b3260, 0x022b35f8]
Event: 14.475 Thread 0x02139000   47             java.lang.String::<init> (62 bytes)
Event: 14.475 Thread 0x02139000 nmethod 47 0x022b3888 code [0x022b39c0, 0x022b3b90]
Event: 14.476 Thread 0x02139000   48             java.lang.String::<init> (10 bytes)
Event: 14.476 Thread 0x02139000 nmethod 48 0x022b3d48 code [0x022b3e40, 0x022b3ed0]
Event: 14.476 Thread 0x02139000   49             java.lang.Integer::toString (48 bytes)
Event: 14.476 Thread 0x02139000 nmethod 49 0x022b4188 code [0x022b42b0, 0x022b44bc]

GC Heap History (6 events):
Event: 14.435 GC heap before
{Heap before GC invocations=0 (full 0):
 def new generation   total 4928K, used 1691K [0x04200000, 0x04750000, 0x09750000)
  eden space 4416K,  38% used [0x04200000, 0x043a6f20, 0x04650000)
  from space 512K,   0% used [0x04650000, 0x04650000, 0x046d0000)
  to   space 512K,   0% used [0x046d0000, 0x046d0000, 0x04750000)
 tenured generation   total 10944K, used 0K [0x09750000, 0x0a200000, 0x14200000)
   the space 10944K,   0% used [0x09750000, 0x09750000, 0x09750200, 0x0a200000)
 Metaspace       used 147K, capacity 2376K, committed 2496K, reserved 4480K
Event: 14.438 GC heap after
Heap after GC invocations=1 (full 0):
 def new generation   total 4928K, used 512K [0x04200000, 0x04750000, 0x09750000)
  eden space 4416K,   0% used [0x04200000, 0x04200000, 0x04650000)
  from space 512K, 100% used [0x046d0000, 0x04750000, 0x04750000)
  to   space 512K,   0% used [0x04650000, 0x04650000, 0x046d0000)
 tenured generation   total 10944K, used 643K [0x09750000, 0x0a200000, 0x14200000)
   the space 10944K,   5% used [0x09750000, 0x097f0d18, 0x097f0e00, 0x0a200000)
 Metaspace       used 147K, capacity 2376K, committed 2496K, reserved 4480K
}
Event: 14.443 GC heap before
{Heap before GC invocations=1 (full 0):
 def new generation   total 4928K, used 4784K [0x04200000, 0x04750000, 0x09750000)
  eden space 4416K,  96% used [0x04200000, 0x0462c310, 0x04650000)
  from space 512K, 100% used [0x046d0000, 0x04750000, 0x04750000)
  to   space 512K,   0% used [0x04650000, 0x04650000, 0x046d0000)
 tenured generation   total 10944K, used 643K [0x09750000, 0x0a200000, 0x14200000)
   the space 10944K,   5% used [0x09750000, 0x097f0d18, 0x097f0e00, 0x0a200000)
 Metaspace       used 148K, capacity 2376K, committed 2496K, reserved 4480K
Event: 14.449 GC heap after
Heap after GC invocations=2 (full 0):
 def new generation   total 4928K, used 64K [0x04200000, 0x04750000, 0x09750000)
  eden space 4416K,   0% used [0x04200000, 0x04200000, 0x04650000)
  from space 512K,  12% used [0x04650000, 0x046600c0, 0x046d0000)
  to   space 512K,   0% used [0x046d0000, 0x046d0000, 0x04750000)
 tenured generation   total 10944K, used 5251K [0x09750000, 0x0a200000, 0x14200000)
   the space 10944K,  47% used [0x09750000, 0x09c70d08, 0x09c70e00, 0x0a200000)
 Metaspace       used 148K, capacity 2376K, committed 2496K, reserved 4480K
}
Event: 14.484 GC heap before
{Heap before GC invocations=2 (full 0):
 def new generation   total 4928K, used 4480K [0x04200000, 0x04750000, 0x09750000)
  eden space 4416K, 100% used [0x04200000, 0x04650000, 0x04650000)
  from space 512K,  12% used [0x04650000, 0x046600c0, 0x046d0000)
  to   space 512K,   0% used [0x046d0000, 0x046d0000, 0x04750000)
 tenured generation   total 10944K, used 5251K [0x09750000, 0x0a200000, 0x14200000)
   the space 10944K,  47% used [0x09750000, 0x09c70d08, 0x09c70e00, 0x0a200000)
 Metaspace       used 151K, capacity 2376K, committed 2496K, reserved 4480K
Event: 14.491 GC heap after
Heap after GC invocations=3 (full 0):
 def new generation   total 4928K, used 512K [0x04200000, 0x04750000, 0x09750000)
  eden space 4416K,   0% used [0x04200000, 0x04200000, 0x04650000)
  from space 512K, 100% used [0x046d0000, 0x04750000, 0x04750000)
  to   space 512K,   0% used [0x04650000, 0x04650000, 0x046d0000)
 tenured generation   total 10944K, used 7383K [0x09750000, 0x0a200000, 0x14200000)
   the space 10944K,  67% used [0x09750000, 0x09e85c50, 0x09e85e00, 0x0a200000)
 Metaspace       used 151K, capacity 2376K, committed 2496K, reserved 4480K
}

Deoptimization events (0 events):
No events

Internal exceptions (10 events):
Event: 6.188 Thread 0x020ebc00 Exception <a 'java/security/PrivilegedActionException'> (0x042bc1f0) thrown at [D:\re\puppet\workspace\8-2-build-windows-i586-cygwin\jdk8u11\648\hotspot\src\share\vm\prims\jvm.cpp, line 1248]
Event: 6.190 Thread 0x020ebc00 Exception <a 'java/security/PrivilegedActionException'> (0x042c6c90) thrown at [D:\re\puppet\workspace\8-2-build-windows-i586-cygwin\jdk8u11\648\hotspot\src\share\vm\prims\jvm.cpp, line 1248]
Event: 6.192 Thread 0x020ebc00 Exception <a 'java/security/PrivilegedActionException'> (0x042c86d0) thrown at [D:\re\puppet\workspace\8-2-build-windows-i586-cygwin\jdk8u11\648\hotspot\src\share\vm\prims\jvm.cpp, line 1248]
Event: 6.193 Thread 0x020ebc00 Exception <a 'java/security/PrivilegedActionException'> (0x042cb078) thrown at [D:\re\puppet\workspace\8-2-build-windows-i586-cygwin\jdk8u11\648\hotspot\src\share\vm\prims\jvm.cpp, line 1248]
Event: 6.194 Thread 0x020ebc00 Exception <a 'java/security/PrivilegedActionException'> (0x042ccb40) thrown at [D:\re\puppet\workspace\8-2-build-windows-i586-cygwin\jdk8u11\648\hotspot\src\share\vm\prims\jvm.cpp, line 1248]
Event: 6.195 Thread 0x020ebc00 Exception <a 'java/security/PrivilegedActionException'> (0x042cee78) thrown at [D:\re\puppet\workspace\8-2-build-windows-i586-cygwin\jdk8u11\648\hotspot\src\share\vm\prims\jvm.cpp, line 1248]
Event: 6.196 Thread 0x020ebc00 Exception <a 'java/security/PrivilegedActionException'> (0x042d1ad8) thrown at [D:\re\puppet\workspace\8-2-build-windows-i586-cygwin\jdk8u11\648\hotspot\src\share\vm\prims\jvm.cpp, line 1248]
Event: 14.411 Thread 0x020ebc00 Exception <a 'java/security/PrivilegedActionException'> (0x042d7a08) thrown at [D:\re\puppet\workspace\8-2-build-windows-i586-cygwin\jdk8u11\648\hotspot\src\share\vm\prims\jvm.cpp, line 1248]
Event: 14.417 Thread 0x020ebc00 Exception <a 'java/security/PrivilegedActionException'> (0x043200c0) thrown at [D:\re\puppet\workspace\8-2-build-windows-i586-cygwin\jdk8u11\648\hotspot\src\share\vm\prims\jvm.cpp, line 1248]
Event: 14.455 Thread 0x020ebc00 Exception <a 'java/security/PrivilegedActionException'> (0x04307330) thrown at [D:\re\puppet\workspace\8-2-build-windows-i586-cygwin\jdk8u11\648\hotspot\src\share\vm\prims\jvm.cpp, line 1248]

Events (10 events):
Event: 14.443 Executing VM operation: GenCollectForAllocation
Event: 14.449 Executing VM operation: GenCollectForAllocation done
Event: 14.455 loading class javabot/model/Region
Event: 14.455 loading class javabot/model/Region done
Event: 14.484 Executing VM operation: GenCollectForAllocation
Event: 14.491 Executing VM operation: GenCollectForAllocation done
Event: 14.491 Executing VM operation: RevokeBias
Event: 14.491 Executing VM operation: RevokeBias done
Event: 14.491 Executing VM operation: RevokeBias
Event: 14.491 Executing VM operation: RevokeBias done


Dynamic libraries:
0x00380000 - 0x003b0000 	C:\Program Files (x86)\Java\jre8\bin\javaw.exe
0x77e60000 - 0x77fc8000 	C:\WINDOWS\SYSTEM32\ntdll.dll
0x75af0000 - 0x75c30000 	C:\WINDOWS\SYSTEM32\KERNEL32.DLL
0x759e0000 - 0x75aaf000 	C:\WINDOWS\SYSTEM32\KERNELBASE.dll
0x74a80000 - 0x74b19000 	C:\WINDOWS\system32\apphelp.dll
0x74820000 - 0x74a79000 	C:\WINDOWS\AppPatch\AcGenral.DLL
0x771e0000 - 0x7729e000 	C:\WINDOWS\SYSTEM32\msvcrt.dll
0x77770000 - 0x777ae000 	C:\WINDOWS\SYSTEM32\sechost.dll
0x75890000 - 0x758ad000 	C:\WINDOWS\SYSTEM32\SspiCli.dll
0x777b0000 - 0x777f1000 	C:\WINDOWS\SYSTEM32\SHLWAPI.dll
0x74740000 - 0x7481b000 	C:\WINDOWS\SYSTEM32\UxTheme.dll
0x77570000 - 0x776bf000 	C:\WINDOWS\SYSTEM32\USER32.dll
0x779b0000 - 0x77ab7000 	C:\WINDOWS\SYSTEM32\GDI32.dll
0x746d0000 - 0x746f0000 	C:\WINDOWS\SYSTEM32\WINMM.dll
0x746b0000 - 0x746c2000 	C:\WINDOWS\SYSTEM32\samcli.dll
0x77ad0000 - 0x77bdc000 	C:\WINDOWS\SYSTEM32\ole32.dll
0x772a0000 - 0x77327000 	C:\WINDOWS\SYSTEM32\OLEAUT32.dll
0x74690000 - 0x746a5000 	C:\WINDOWS\SYSTEM32\MSACM32.dll
0x74dc0000 - 0x74dc8000 	C:\WINDOWS\SYSTEM32\VERSION.dll
0x76020000 - 0x771e0000 	C:\WINDOWS\SYSTEM32\SHELL32.dll
0x745d0000 - 0x745e9000 	C:\WINDOWS\SYSTEM32\USERENV.dll
0x745b0000 - 0x745c8000 	C:\WINDOWS\SYSTEM32\dwmapi.dll
0x74480000 - 0x745a8000 	C:\WINDOWS\SYSTEM32\urlmon.dll
0x75e50000 - 0x75ec8000 	C:\WINDOWS\SYSTEM32\ADVAPI32.dll
0x74420000 - 0x7447e000 	C:\WINDOWS\SYSTEM32\WINSPOOL.DRV
0x74340000 - 0x74354000 	C:\WINDOWS\SYSTEM32\MPR.dll
0x758b0000 - 0x75960000 	C:\WINDOWS\SYSTEM32\RPCRT4.dll
0x75880000 - 0x75889000 	C:\WINDOWS\SYSTEM32\CRYPTBASE.dll
0x77810000 - 0x7795e000 	C:\WINDOWS\SYSTEM32\combase.dll
0x74320000 - 0x74340000 	C:\WINDOWS\SYSTEM32\WINMMBASE.dll
0x74310000 - 0x7431e000 	C:\WINDOWS\SYSTEM32\profapi.dll
0x740f0000 - 0x7430a000 	C:\WINDOWS\SYSTEM32\iertutil.dll
0x73f30000 - 0x740ed000 	C:\WINDOWS\SYSTEM32\WININET.dll
0x75820000 - 0x75873000 	C:\WINDOWS\SYSTEM32\bcryptPrimitives.dll
0x75d70000 - 0x75daa000 	C:\WINDOWS\SYSTEM32\cfgmgr32.dll
0x73f10000 - 0x73f2f000 	C:\WINDOWS\SYSTEM32\DEVOBJ.dll
0x73e90000 - 0x73f06000 	C:\WINDOWS\SYSTEM32\SHCORE.DLL
0x774b0000 - 0x774d5000 	C:\WINDOWS\system32\IMM32.DLL
0x75c30000 - 0x75d27000 	C:\WINDOWS\SYSTEM32\MSCTF.dll
0x73900000 - 0x73ae6000 	C:\WINDOWS\WinSxS\x86_microsoft.windows.common-controls_6595b64144ccf1df_6.0.9600.17031_none_a9efdb8b01377ea7\COMCTL32.dll
0x71a30000 - 0x71aef000 	C:\Program Files (x86)\Java\jre8\bin\msvcr100.dll
0x64690000 - 0x64a27000 	C:\Program Files (x86)\Java\jre8\bin\client\jvm.dll
0x73b90000 - 0x73b98000 	C:\WINDOWS\SYSTEM32\WSOCK32.dll
0x75ac0000 - 0x75ac6000 	C:\WINDOWS\SYSTEM32\PSAPI.DLL
0x77960000 - 0x779ad000 	C:\WINDOWS\SYSTEM32\WS2_32.dll
0x77800000 - 0x77807000 	C:\WINDOWS\SYSTEM32\NSI.dll
0x71a20000 - 0x71a2c000 	C:\Program Files (x86)\Java\jre8\bin\verify.dll
0x719f0000 - 0x71a11000 	C:\Program Files (x86)\Java\jre8\bin\java.dll
0x719d0000 - 0x719e3000 	C:\Program Files (x86)\Java\jre8\bin\zip.dll
0x69ce0000 - 0x69ec4000 	C:\Users\wesley\Desktop\JNIBWAPI Starter Pack\jnibwapi\release\client-bridge-1_4-x86.dll
0x14dd0000 - 0x14dfb000 	C:\MinGW\bin\gmp-vc90-mt.dll
0x14e00000 - 0x14e41000 	C:\MinGW\bin\mpfr-vc90-mt.dll
0x718e0000 - 0x7196e000 	C:\WINDOWS\WinSxS\x86_microsoft.vc90.crt_1fc8b3b9a1e18e3b_9.0.30729.8387_none_5094ca96bcb6b2bb\MSVCP90.dll
0x75770000 - 0x75813000 	C:\WINDOWS\WinSxS\x86_microsoft.vc90.crt_1fc8b3b9a1e18e3b_9.0.30729.8387_none_5094ca96bcb6b2bb\MSVCR90.dll
0x698a0000 - 0x699e8000 	C:\WINDOWS\SYSTEM32\dbghelp.dll

VM Arguments:
jvm_args: -Djava.library.path=C:\Users\wesley\Desktop\JNIBWAPI Starter Pack\jnibwapi\release -Dfile.encoding=Cp1252 
java_command: javabot.JavaBot
java_class_path (initial): C:\Users\wesley\Desktop\JNIBWAPI Starter Pack\jnibwapi\bin
Launcher Type: SUN_STANDARD

Environment Variables:
CLASSPATH=.;C:\Program Files (x86)\Java\jre7\lib\ext\QTJava.zip
PATH=C:/Program Files/Java/jdk1.7.0_40/bin/../jre/bin/server;C:/Program Files/Java/jdk1.7.0_40/bin/../jre/bin;C:/Program Files/Java/jdk1.7.0_40/bin/../jre/lib/amd64;C:\MinGW\bin;C:\Python33\;C:\Program Files (x86)\Intel\iCLS Client\;C:\Program Files\Intel\iCLS Client\;C:\WINDOWS\system32;C:\WINDOWS;C:\WINDOWS\System32\Wbem;C:\WINDOWS\System32\WindowsPowerShell\v1.0\;C:\Program Files\Intel\Intel(R) Management Engine Components\DAL;C:\Program Files\Intel\Intel(R) Management Engine Components\IPT;C:\Program Files (x86)\Intel\Intel(R) Management Engine Components\DAL;C:\Program Files (x86)\Intel\Intel(R) Management Engine Components\IPT;C:\Program Files (x86)\Intel\OpenCL SDK\2.0\bin\x86;C:\Program Files (x86)\Intel\OpenCL SDK\2.0\bin\x64;C:\Program Files (x86)\QuickTime\QTSystem\;C:\Program Files\Microsoft SQL Server\110\Tools\Binn\;c:\Program Files (x86)\Microsoft SQL Server\100\Tools\Binn\;c:\Program Files\Microsoft SQL Server\100\Tools\Binn\;c:\Program Files\Microsoft SQL Server\100\DTS\Binn\;C:\Program Files\Microsoft\Web Platform Installer\;C:\Program Files\Java\jdk1.7.0_40\bin;C:\Program Files\eclipse;
USERNAME=wesley
OS=Windows_NT
PROCESSOR_IDENTIFIER=Intel64 Family 6 Model 58 Stepping 9, GenuineIntel



---------------  S Y S T E M  ---------------

OS: Windows 8.1 , 64 bit Build 9600 

CPU:total 4 (2 cores per cpu, 2 threads per core) family 6 model 58 stepping 9, cmov, cx8, fxsr, mmx, sse, sse2, sse3, ssse3, sse4.1, sse4.2, popcnt, avx, clmul, erms, ht, tsc, tscinvbit

Memory: 4k page, physical 4055292k(1113596k free), swap 7856380k(3887404k free)

vm_info: Java HotSpot(TM) Client VM (25.11-b03) for windows-x86 JRE (1.8.0_11-b12), built on Jun 16 2014 18:18:58 by "java_re" with MS VC++ 10.0 (VS2010)

time: Wed Aug 20 21:18:14 2014
elapsed time: 14 seconds

