#
# A fatal error has been detected by the Java Runtime Environment:
#
#  EXCEPTION_ACCESS_VIOLATION (0xc0000005) at pc=0x69cf7523, pid=6308, tid=5028
#
# JRE version: Java(TM) SE Runtime Environment (8.0_11-b12) (build 1.8.0_11-b12)
# Java VM: Java HotSpot(TM) Client VM (25.11-b03 mixed mode, sharing windows-x86 )
# Problematic frame:
# C  [client-bridge-1_4-x86.dll+0x17523]
#
# Failed to write core dump. Minidumps are not enabled by default on client versions of Windows
#
# If you would like to submit a bug report, please visit:
#   http://bugreport.sun.com/bugreport/crash.jsp
# The crash happened outside the Java Virtual Machine in native code.
# See problematic frame for where to report the bug.
#

---------------  T H R E A D  ---------------

Current thread (0x00a6bc00):  JavaThread "main" [_thread_in_native, id=5028, stack(0x009c0000,0x00a10000)]

siginfo: ExceptionCode=0xc0000005, writing address 0x36400f94

Registers:
EAX=0x36400f94, EBX=0x00000005, ECX=0x00005a55, EDX=0x17b90000
ESP=0x00a0f5cc, EBP=0x00a0f618, ESI=0x157ca020, EDI=0x162977a8
EIP=0x69cf7523, EFLAGS=0x00010202

Top of Stack: (sp=0x00a0f5cc)
0x00a0f5cc:   18ba9b00 162977a8 000000ff 162977a8
0x00a0f5dc:   153c6b00 00a0f60c 00000016 153c6b00
0x00a0f5ec:   00a0f60c 153c6b00 00a6bd30 00a0f618
0x00a0f5fc:   00a0f630 69ce9bbd 157ca020 153c6b00
0x00a0f60c:   00a6bc00 0000005a 0a031d18 00a0f648
0x00a0f61c:   025d0b2a 00a6bd30 00a0f62c 00a0f630
0x00a0f62c:   09bf1c38 0470b500 00a0f650 00a0f770
0x00a0f63c:   025cdd50 00000000 025287d9 00a0f770 

Instructions: (pc=0x69cf7523)
0x69cf7503:   01 89 90 fc 45 a7 00 8b 56 04 8b 82 04 9b 01 01
0x69cf7513:   05 96 77 15 00 8d 04 40 8d 04 82 bb 05 00 00 00
0x69cf7523:   89 18 89 48 04 33 ed 89 68 08 8b 76 04 ff 86 04
0x69cf7533:   9b 01 01 57 ff 15 dc 21 e2 69 83 c4 28 5f 5e 5d 


Register to memory mapping:

EAX=0x36400f94 is an unknown value
EBX=0x00000005 is an unknown value
ECX=0x00005a55 is an unknown value
EDX=0x17b90000 is an unknown value
ESP=0x00a0f5cc is pointing into the stack for thread: 0x00a6bc00
EBP=0x00a0f618 is pointing into the stack for thread: 0x00a6bc00
ESI=0x157ca020 is an unknown value
EDI=0x162977a8 is an unknown value


Stack: [0x009c0000,0x00a10000],  sp=0x00a0f5cc,  free space=317k
Native frames: (J=compiled Java code, j=interpreted, Vv=VM code, C=native code)
C  [client-bridge-1_4-x86.dll+0x17523]
J 40  javabot.JNIBWAPI.sendText(Ljava/lang/String;)V (0 bytes) @ 0x025d0b2a [0x025d0a90+0x9a]
J 34% C1 javabot.JavaBot.drawThreatMap()V (247 bytes) @ 0x025cdd50 [0x025cd6c0+0x690]
j  javabot.JavaBot.drawDebugInfo()V+1
j  javabot.JavaBot.gameUpdate()V+1
j  javabot.JNIBWAPI.gameUpdate()V+545
v  ~StubRoutines::call_stub
V  [jvm.dll+0x142295]
V  [jvm.dll+0x2073ae]
V  [jvm.dll+0x14232e]
V  [jvm.dll+0xcea01]
V  [jvm.dll+0xd03fc]
C  [client-bridge-1_4-x86.dll+0x101a]
C  [client-bridge-1_4-x86.dll+0x1497]
j  javabot.JNIBWAPI.startClient(Ljavabot/JNIBWAPI;)V+0
j  javabot.JNIBWAPI.start()V+2
j  javabot.JavaBot.<init>()V+20
j  javabot.JavaBot.main([Ljava/lang/String;)V+3
v  ~StubRoutines::call_stub
V  [jvm.dll+0x142295]
V  [jvm.dll+0x2073ae]
V  [jvm.dll+0x14232e]
V  [jvm.dll+0xce7c7]
V  [jvm.dll+0xd6d6f]
C  [javaw.exe+0x20d8]
C  [javaw.exe+0xab91]
C  [javaw.exe+0xac1b]
C  [KERNEL32.DLL+0x1919f]
C  [ntdll.dll+0x4a22b]
C  [ntdll.dll+0x4a201]

Java frames: (J=compiled Java code, j=interpreted, Vv=VM code)
J 40  javabot.JNIBWAPI.sendText(Ljava/lang/String;)V (0 bytes) @ 0x025d0ae6 [0x025d0a90+0x56]
J 34% C1 javabot.JavaBot.drawThreatMap()V (247 bytes) @ 0x025cdd50 [0x025cd6c0+0x690]
j  javabot.JavaBot.drawDebugInfo()V+1
j  javabot.JavaBot.gameUpdate()V+1
j  javabot.JNIBWAPI.gameUpdate()V+545
v  ~StubRoutines::call_stub
j  javabot.JNIBWAPI.startClient(Ljavabot/JNIBWAPI;)V+0
j  javabot.JNIBWAPI.start()V+2
j  javabot.JavaBot.<init>()V+20
j  javabot.JavaBot.main([Ljava/lang/String;)V+3
v  ~StubRoutines::call_stub

---------------  P R O C E S S  ---------------

Java Threads: ( => current thread )
  0x023f8000 JavaThread "Service Thread" daemon [_thread_blocked, id=6296, stack(0x14d30000,0x14d80000)]
  0x023c9000 JavaThread "C1 CompilerThread0" daemon [_thread_blocked, id=4680, stack(0x14ca0000,0x14cf0000)]
  0x023c8000 JavaThread "Attach Listener" daemon [_thread_blocked, id=6236, stack(0x14c10000,0x14c60000)]
  0x023c6000 JavaThread "Signal Dispatcher" daemon [_thread_blocked, id=6412, stack(0x14b80000,0x14bd0000)]
  0x023ba800 JavaThread "Finalizer" daemon [_thread_blocked, id=1588, stack(0x14af0000,0x14b40000)]
  0x023b4800 JavaThread "Reference Handler" daemon [_thread_blocked, id=6348, stack(0x14a60000,0x14ab0000)]
=>0x00a6bc00 JavaThread "main" [_thread_in_native, id=5028, stack(0x009c0000,0x00a10000)]

Other Threads:
  0x023b2c00 VMThread [stack: 0x045b0000,0x04600000] [id=4288]
  0x023fd400 WatcherThread [stack: 0x14dc0000,0x14e10000] [id=3296]

VM state:not at safepoint (normal execution)

VM Mutex/Monitor currently owned by a thread: None

Heap:
 def new generation   total 4928K, used 3572K [0x04600000, 0x04b50000, 0x09b50000)
  eden space 4416K,  79% used [0x04600000, 0x0496d1e0, 0x04a50000)
  from space 512K,  12% used [0x04a50000, 0x04a600c0, 0x04ad0000)
  to   space 512K,   0% used [0x04ad0000, 0x04ad0000, 0x04b50000)
 tenured generation   total 10944K, used 5251K [0x09b50000, 0x0a600000, 0x14600000)
   the space 10944K,  47% used [0x09b50000, 0x0a070d08, 0x0a070e00, 0x0a600000)
 Metaspace       used 151K, capacity 2376K, committed 2496K, reserved 4480K

Card table byte_map: [0x04520000,0x045b0000] byte_map_base: 0x044fd000

Polling page: 0x00980000

CodeCache: size=32768Kb used=707Kb max_used=707Kb free=32061Kb
 bounds [0x02520000, 0x025d8000, 0x04520000]
 total_blobs=178 nmethods=40 adapters=70
 compilation: enabled

Compilation events (10 events):
Event: 6.770 Thread 0x023c9000   34 %           javabot.JavaBot::drawThreatMap @ 54 (247 bytes)
Event: 6.772 Thread 0x023c9000 nmethod 34% 0x025cd408 code [0x025cd6c0, 0x025ce31c]
Event: 6.772 Thread 0x023c9000   35             java.lang.Math::min (11 bytes)
Event: 6.772 Thread 0x023c9000 nmethod 35 0x025cfa88 code [0x025cfb80, 0x025cfbf0]
Event: 6.774 Thread 0x023c9000   37             java.util.ArrayList::grow (45 bytes)
Event: 6.774 Thread 0x023c9000 nmethod 37 0x025cfec8 code [0x025cffe0, 0x025d0148]
Event: 6.774 Thread 0x023c9000   38             java.util.Arrays::copyOf (46 bytes)
Event: 6.775 Thread 0x023c9000 nmethod 38 0x025d0288 code [0x025d03b0, 0x025d0654]
Event: 6.775 Thread 0x023c9000   39             java.util.Arrays::copyOf (13 bytes)
Event: 6.775 Thread 0x023c9000 nmethod 39 0x025d0788 code [0x025d0880, 0x025d090c]

GC Heap History (4 events):
Event: 6.743 GC heap before
{Heap before GC invocations=0 (full 0):
 def new generation   total 4928K, used 1689K [0x04600000, 0x04b50000, 0x09b50000)
  eden space 4416K,  38% used [0x04600000, 0x047a66e0, 0x04a50000)
  from space 512K,   0% used [0x04a50000, 0x04a50000, 0x04ad0000)
  to   space 512K,   0% used [0x04ad0000, 0x04ad0000, 0x04b50000)
 tenured generation   total 10944K, used 0K [0x09b50000, 0x0a600000, 0x14600000)
   the space 10944K,   0% used [0x09b50000, 0x09b50000, 0x09b50200, 0x0a600000)
 Metaspace       used 148K, capacity 2376K, committed 2496K, reserved 4480K
Event: 6.746 GC heap after
Heap after GC invocations=1 (full 0):
 def new generation   total 4928K, used 512K [0x04600000, 0x04b50000, 0x09b50000)
  eden space 4416K,   0% used [0x04600000, 0x04600000, 0x04a50000)
  from space 512K, 100% used [0x04ad0000, 0x04b50000, 0x04b50000)
  to   space 512K,   0% used [0x04a50000, 0x04a50000, 0x04ad0000)
 tenured generation   total 10944K, used 643K [0x09b50000, 0x0a600000, 0x14600000)
   the space 10944K,   5% used [0x09b50000, 0x09bf0d18, 0x09bf0e00, 0x0a600000)
 Metaspace       used 148K, capacity 2376K, committed 2496K, reserved 4480K
}
Event: 6.750 GC heap before
{Heap before GC invocations=1 (full 0):
 def new generation   total 4928K, used 4784K [0x04600000, 0x04b50000, 0x09b50000)
  eden space 4416K,  96% used [0x04600000, 0x04a2c310, 0x04a50000)
  from space 512K, 100% used [0x04ad0000, 0x04b50000, 0x04b50000)
  to   space 512K,   0% used [0x04a50000, 0x04a50000, 0x04ad0000)
 tenured generation   total 10944K, used 643K [0x09b50000, 0x0a600000, 0x14600000)
   the space 10944K,   5% used [0x09b50000, 0x09bf0d18, 0x09bf0e00, 0x0a600000)
 Metaspace       used 148K, capacity 2376K, committed 2496K, reserved 4480K
Event: 6.755 GC heap after
Heap after GC invocations=2 (full 0):
 def new generation   total 4928K, used 64K [0x04600000, 0x04b50000, 0x09b50000)
  eden space 4416K,   0% used [0x04600000, 0x04600000, 0x04a50000)
  from space 512K,  12% used [0x04a50000, 0x04a600c0, 0x04ad0000)
  to   space 512K,   0% used [0x04ad0000, 0x04ad0000, 0x04b50000)
 tenured generation   total 10944K, used 5251K [0x09b50000, 0x0a600000, 0x14600000)
   the space 10944K,  47% used [0x09b50000, 0x0a070d08, 0x0a070e00, 0x0a600000)
 Metaspace       used 148K, capacity 2376K, committed 2496K, reserved 4480K
}

Deoptimization events (0 events):
No events

Internal exceptions (10 events):
Event: 3.181 Thread 0x00a6bc00 Exception <a 'java/security/PrivilegedActionException'> (0x046bc200) thrown at [D:\re\puppet\workspace\8-2-build-windows-i586-cygwin\jdk8u11\648\hotspot\src\share\vm\prims\jvm.cpp, line 1248]
Event: 3.183 Thread 0x00a6bc00 Exception <a 'java/security/PrivilegedActionException'> (0x046c6ca0) thrown at [D:\re\puppet\workspace\8-2-build-windows-i586-cygwin\jdk8u11\648\hotspot\src\share\vm\prims\jvm.cpp, line 1248]
Event: 3.184 Thread 0x00a6bc00 Exception <a 'java/security/PrivilegedActionException'> (0x046c86e0) thrown at [D:\re\puppet\workspace\8-2-build-windows-i586-cygwin\jdk8u11\648\hotspot\src\share\vm\prims\jvm.cpp, line 1248]
Event: 3.184 Thread 0x00a6bc00 Exception <a 'java/security/PrivilegedActionException'> (0x046cb088) thrown at [D:\re\puppet\workspace\8-2-build-windows-i586-cygwin\jdk8u11\648\hotspot\src\share\vm\prims\jvm.cpp, line 1248]
Event: 3.185 Thread 0x00a6bc00 Exception <a 'java/security/PrivilegedActionException'> (0x046ccb50) thrown at [D:\re\puppet\workspace\8-2-build-windows-i586-cygwin\jdk8u11\648\hotspot\src\share\vm\prims\jvm.cpp, line 1248]
Event: 3.186 Thread 0x00a6bc00 Exception <a 'java/security/PrivilegedActionException'> (0x046cee88) thrown at [D:\re\puppet\workspace\8-2-build-windows-i586-cygwin\jdk8u11\648\hotspot\src\share\vm\prims\jvm.cpp, line 1248]
Event: 3.187 Thread 0x00a6bc00 Exception <a 'java/security/PrivilegedActionException'> (0x046d1ae8) thrown at [D:\re\puppet\workspace\8-2-build-windows-i586-cygwin\jdk8u11\648\hotspot\src\share\vm\prims\jvm.cpp, line 1248]
Event: 6.720 Thread 0x00a6bc00 Exception <a 'java/security/PrivilegedActionException'> (0x046d7a38) thrown at [D:\re\puppet\workspace\8-2-build-windows-i586-cygwin\jdk8u11\648\hotspot\src\share\vm\prims\jvm.cpp, line 1248]
Event: 6.726 Thread 0x00a6bc00 Exception <a 'java/security/PrivilegedActionException'> (0x047200f0) thrown at [D:\re\puppet\workspace\8-2-build-windows-i586-cygwin\jdk8u11\648\hotspot\src\share\vm\prims\jvm.cpp, line 1248]
Event: 6.761 Thread 0x00a6bc00 Exception <a 'java/security/PrivilegedActionException'> (0x04707330) thrown at [D:\re\puppet\workspace\8-2-build-windows-i586-cygwin\jdk8u11\648\hotspot\src\share\vm\prims\jvm.cpp, line 1248]

Events (10 events):
Event: 6.726 loading class javabot/model/Map
Event: 6.726 loading class javabot/model/Map done
Event: 6.743 Executing VM operation: GenCollectForAllocation
Event: 6.746 Executing VM operation: GenCollectForAllocation done
Event: 6.746 Executing VM operation: RevokeBias
Event: 6.749 Executing VM operation: RevokeBias done
Event: 6.750 Executing VM operation: GenCollectForAllocation
Event: 6.755 Executing VM operation: GenCollectForAllocation done
Event: 6.761 loading class javabot/model/Region
Event: 6.761 loading class javabot/model/Region done


Dynamic libraries:
0x00380000 - 0x003b0000 	C:\Program Files (x86)\Java\jre8\bin\javaw.exe
0x77e60000 - 0x77fc8000 	C:\WINDOWS\SYSTEM32\ntdll.dll
0x75af0000 - 0x75c30000 	C:\WINDOWS\SYSTEM32\KERNEL32.DLL
0x759e0000 - 0x75aaf000 	C:\WINDOWS\SYSTEM32\KERNELBASE.dll
0x74a80000 - 0x74b19000 	C:\WINDOWS\system32\apphelp.dll
0x74820000 - 0x74a79000 	C:\WINDOWS\AppPatch\AcGenral.DLL
0x771e0000 - 0x7729e000 	C:\WINDOWS\SYSTEM32\msvcrt.dll
0x77770000 - 0x777ae000 	C:\WINDOWS\SYSTEM32\sechost.dll
0x75890000 - 0x758ad000 	C:\WINDOWS\SYSTEM32\SspiCli.dll
0x777b0000 - 0x777f1000 	C:\WINDOWS\SYSTEM32\SHLWAPI.dll
0x74740000 - 0x7481b000 	C:\WINDOWS\SYSTEM32\UxTheme.dll
0x77570000 - 0x776bf000 	C:\WINDOWS\SYSTEM32\USER32.dll
0x779b0000 - 0x77ab7000 	C:\WINDOWS\SYSTEM32\GDI32.dll
0x746d0000 - 0x746f0000 	C:\WINDOWS\SYSTEM32\WINMM.dll
0x746b0000 - 0x746c2000 	C:\WINDOWS\SYSTEM32\samcli.dll
0x77ad0000 - 0x77bdc000 	C:\WINDOWS\SYSTEM32\ole32.dll
0x772a0000 - 0x77327000 	C:\WINDOWS\SYSTEM32\OLEAUT32.dll
0x74690000 - 0x746a5000 	C:\WINDOWS\SYSTEM32\MSACM32.dll
0x74dc0000 - 0x74dc8000 	C:\WINDOWS\SYSTEM32\VERSION.dll
0x76020000 - 0x771e0000 	C:\WINDOWS\SYSTEM32\SHELL32.dll
0x745d0000 - 0x745e9000 	C:\WINDOWS\SYSTEM32\USERENV.dll
0x745b0000 - 0x745c8000 	C:\WINDOWS\SYSTEM32\dwmapi.dll
0x74480000 - 0x745a8000 	C:\WINDOWS\SYSTEM32\urlmon.dll
0x75e50000 - 0x75ec8000 	C:\WINDOWS\SYSTEM32\ADVAPI32.dll
0x74420000 - 0x7447e000 	C:\WINDOWS\SYSTEM32\WINSPOOL.DRV
0x74340000 - 0x74354000 	C:\WINDOWS\SYSTEM32\MPR.dll
0x758b0000 - 0x75960000 	C:\WINDOWS\SYSTEM32\RPCRT4.dll
0x75880000 - 0x75889000 	C:\WINDOWS\SYSTEM32\CRYPTBASE.dll
0x77810000 - 0x7795e000 	C:\WINDOWS\SYSTEM32\combase.dll
0x74320000 - 0x74340000 	C:\WINDOWS\SYSTEM32\WINMMBASE.dll
0x74310000 - 0x7431e000 	C:\WINDOWS\SYSTEM32\profapi.dll
0x740f0000 - 0x7430a000 	C:\WINDOWS\SYSTEM32\iertutil.dll
0x73f30000 - 0x740ed000 	C:\WINDOWS\SYSTEM32\WININET.dll
0x75820000 - 0x75873000 	C:\WINDOWS\SYSTEM32\bcryptPrimitives.dll
0x75d70000 - 0x75daa000 	C:\WINDOWS\SYSTEM32\cfgmgr32.dll
0x73f10000 - 0x73f2f000 	C:\WINDOWS\SYSTEM32\DEVOBJ.dll
0x73e90000 - 0x73f06000 	C:\WINDOWS\SYSTEM32\SHCORE.DLL
0x774b0000 - 0x774d5000 	C:\WINDOWS\system32\IMM32.DLL
0x75c30000 - 0x75d27000 	C:\WINDOWS\SYSTEM32\MSCTF.dll
0x73900000 - 0x73ae6000 	C:\WINDOWS\WinSxS\x86_microsoft.windows.common-controls_6595b64144ccf1df_6.0.9600.17031_none_a9efdb8b01377ea7\COMCTL32.dll
0x71a30000 - 0x71aef000 	C:\Program Files (x86)\Java\jre8\bin\msvcr100.dll
0x64690000 - 0x64a27000 	C:\Program Files (x86)\Java\jre8\bin\client\jvm.dll
0x73b90000 - 0x73b98000 	C:\WINDOWS\SYSTEM32\WSOCK32.dll
0x75ac0000 - 0x75ac6000 	C:\WINDOWS\SYSTEM32\PSAPI.DLL
0x77960000 - 0x779ad000 	C:\WINDOWS\SYSTEM32\WS2_32.dll
0x77800000 - 0x77807000 	C:\WINDOWS\SYSTEM32\NSI.dll
0x71a20000 - 0x71a2c000 	C:\Program Files (x86)\Java\jre8\bin\verify.dll
0x719f0000 - 0x71a11000 	C:\Program Files (x86)\Java\jre8\bin\java.dll
0x719b0000 - 0x719c3000 	C:\Program Files (x86)\Java\jre8\bin\zip.dll
0x69ce0000 - 0x69ec4000 	C:\Users\wesley\Desktop\JNIBWAPI Starter Pack\jnibwapi\release\client-bridge-1_4-x86.dll
0x00af0000 - 0x00b1b000 	C:\MinGW\bin\gmp-vc90-mt.dll
0x14e10000 - 0x14e51000 	C:\MinGW\bin\mpfr-vc90-mt.dll
0x718e0000 - 0x7196e000 	C:\WINDOWS\WinSxS\x86_microsoft.vc90.crt_1fc8b3b9a1e18e3b_9.0.30729.8387_none_5094ca96bcb6b2bb\MSVCP90.dll
0x75770000 - 0x75813000 	C:\WINDOWS\WinSxS\x86_microsoft.vc90.crt_1fc8b3b9a1e18e3b_9.0.30729.8387_none_5094ca96bcb6b2bb\MSVCR90.dll
0x698a0000 - 0x699e8000 	C:\WINDOWS\SYSTEM32\dbghelp.dll

VM Arguments:
jvm_args: -Djava.library.path=C:\Users\wesley\Desktop\JNIBWAPI Starter Pack\jnibwapi\release -Dfile.encoding=Cp1252 
java_command: javabot.JavaBot
java_class_path (initial): C:\Users\wesley\Desktop\JNIBWAPI Starter Pack\jnibwapi\bin
Launcher Type: SUN_STANDARD

Environment Variables:
CLASSPATH=.;C:\Program Files (x86)\Java\jre7\lib\ext\QTJava.zip
PATH=C:/Program Files/Java/jdk1.7.0_40/bin/../jre/bin/server;C:/Program Files/Java/jdk1.7.0_40/bin/../jre/bin;C:/Program Files/Java/jdk1.7.0_40/bin/../jre/lib/amd64;C:\MinGW\bin;C:\Python33\;C:\Program Files (x86)\Intel\iCLS Client\;C:\Program Files\Intel\iCLS Client\;C:\WINDOWS\system32;C:\WINDOWS;C:\WINDOWS\System32\Wbem;C:\WINDOWS\System32\WindowsPowerShell\v1.0\;C:\Program Files\Intel\Intel(R) Management Engine Components\DAL;C:\Program Files\Intel\Intel(R) Management Engine Components\IPT;C:\Program Files (x86)\Intel\Intel(R) Management Engine Components\DAL;C:\Program Files (x86)\Intel\Intel(R) Management Engine Components\IPT;C:\Program Files (x86)\Intel\OpenCL SDK\2.0\bin\x86;C:\Program Files (x86)\Intel\OpenCL SDK\2.0\bin\x64;C:\Program Files (x86)\QuickTime\QTSystem\;C:\Program Files\Microsoft SQL Server\110\Tools\Binn\;c:\Program Files (x86)\Microsoft SQL Server\100\Tools\Binn\;c:\Program Files\Microsoft SQL Server\100\Tools\Binn\;c:\Program Files\Microsoft SQL Server\100\DTS\Binn\;C:\Program Files\Microsoft\Web Platform Installer\;C:\Program Files\Java\jdk1.7.0_40\bin;C:\Program Files\eclipse;
USERNAME=wesley
OS=Windows_NT
PROCESSOR_IDENTIFIER=Intel64 Family 6 Model 58 Stepping 9, GenuineIntel



---------------  S Y S T E M  ---------------

OS: Windows 8.1 , 64 bit Build 9600 

CPU:total 4 (2 cores per cpu, 2 threads per core) family 6 model 58 stepping 9, cmov, cx8, fxsr, mmx, sse, sse2, sse3, ssse3, sse4.1, sse4.2, popcnt, avx, clmul, erms, ht, tsc, tscinvbit

Memory: 4k page, physical 4055292k(1136780k free), swap 7856380k(3898460k free)

vm_info: Java HotSpot(TM) Client VM (25.11-b03) for windows-x86 JRE (1.8.0_11-b12), built on Jun 16 2014 18:18:58 by "java_re" with MS VC++ 10.0 (VS2010)

time: Wed Aug 20 21:17:14 2014
elapsed time: 6 seconds

