#
# A fatal error has been detected by the Java Runtime Environment:
#
#  EXCEPTION_ACCESS_VIOLATION (0xc0000005) at pc=0x69cf7523, pid=7088, tid=4680
#
# JRE version: Java(TM) SE Runtime Environment (8.0_11-b12) (build 1.8.0_11-b12)
# Java VM: Java HotSpot(TM) Client VM (25.11-b03 mixed mode, sharing windows-x86 )
# Problematic frame:
# C  [client-bridge-1_4-x86.dll+0x17523]
#
# Failed to write core dump. Minidumps are not enabled by default on client versions of Windows
#
# If you would like to submit a bug report, please visit:
#   http://bugreport.sun.com/bugreport/crash.jsp
# The crash happened outside the Java Virtual Machine in native code.
# See problematic frame for where to report the bug.
#

---------------  T H R E A D  ---------------

Current thread (0x01d3bc00):  JavaThread "main" [_thread_in_native, id=4680, stack(0x01c60000,0x01cb0000)]

siginfo: ExceptionCode=0xc0000005, writing address 0xf63ce9a8

Registers:
EAX=0xf63ce9a8, EBX=0x00000005, ECX=0x00005a55, EDX=0x17b90000
ESP=0x01caef3c, EBP=0x01caef88, ESI=0x14c3a020, EDI=0x1566de10
EIP=0x69cf7523, EFLAGS=0x00010202

Top of Stack: (sp=0x01caef3c)
0x01caef3c:   18ba9b00 1566de10 000000ff 1566de10
0x01caef4c:   01f06578 01caef7c 0000000b 01f06578
0x01caef5c:   01caef7c 01f06578 01d3bd30 01caef88
0x01caef6c:   01caefa0 69ce9bbd 14c3a020 01f06578
0x01caef7c:   01d3bc00 0425b54c 095f1c38 01caefb8
0x01caef8c:   01fc256a 01d3bd30 01caef9c 01caefa0
0x01caef9c:   095f1c38 0425b530 00000000 0000000a
0x01caefac:   00000003 0425b4e0 095f1c38 01caf100 

Instructions: (pc=0x69cf7523)
0x69cf7503:   01 89 90 fc 45 a7 00 8b 56 04 8b 82 04 9b 01 01
0x69cf7513:   05 96 77 15 00 8d 04 40 8d 04 82 bb 05 00 00 00
0x69cf7523:   89 18 89 48 04 33 ed 89 68 08 8b 76 04 ff 86 04
0x69cf7533:   9b 01 01 57 ff 15 dc 21 e2 69 83 c4 28 5f 5e 5d 


Register to memory mapping:

EAX=0xf63ce9a8 is an unknown value
EBX=0x00000005 is an unknown value
ECX=0x00005a55 is an unknown value
EDX=0x17b90000 is an unknown value
ESP=0x01caef3c is pointing into the stack for thread: 0x01d3bc00
EBP=0x01caef88 is pointing into the stack for thread: 0x01d3bc00
ESI=0x14c3a020 is an unknown value
EDI=0x1566de10 is an unknown value


Stack: [0x01c60000,0x01cb0000],  sp=0x01caef3c,  free space=315k
Native frames: (J=compiled Java code, j=interpreted, Vv=VM code, C=native code)
C  [client-bridge-1_4-x86.dll+0x17523]
J 49  javabot.JNIBWAPI.sendText(Ljava/lang/String;)V (0 bytes) @ 0x01fc256a [0x01fc24d0+0x9a]
J 33% C1 javabot.JavaBot.drawThreatMap()V (285 bytes) @ 0x01fbc854 [0x01fbbfa0+0x8b4]
j  javabot.JavaBot.drawDebugInfo()V+1
j  javabot.JavaBot.gameUpdate()V+1
j  javabot.JNIBWAPI.gameUpdate()V+545
v  ~StubRoutines::call_stub
V  [jvm.dll+0x142295]
V  [jvm.dll+0x2073ae]
V  [jvm.dll+0x14232e]
V  [jvm.dll+0xcea01]
V  [jvm.dll+0xd03fc]
C  [client-bridge-1_4-x86.dll+0x101a]
C  [client-bridge-1_4-x86.dll+0x1497]
j  javabot.JNIBWAPI.startClient(Ljavabot/JNIBWAPI;)V+0
j  javabot.JNIBWAPI.start()V+2
j  javabot.JavaBot.<init>()V+20
j  javabot.JavaBot.main([Ljava/lang/String;)V+3
v  ~StubRoutines::call_stub
V  [jvm.dll+0x142295]
V  [jvm.dll+0x2073ae]
V  [jvm.dll+0x14232e]
V  [jvm.dll+0xce7c7]
V  [jvm.dll+0xd6d6f]
C  [javaw.exe+0x20d8]
C  [javaw.exe+0xab91]
C  [javaw.exe+0xac1b]
C  [KERNEL32.DLL+0x1919f]
C  [ntdll.dll+0x4a22b]
C  [ntdll.dll+0x4a201]

Java frames: (J=compiled Java code, j=interpreted, Vv=VM code)
J 49  javabot.JNIBWAPI.sendText(Ljava/lang/String;)V (0 bytes) @ 0x01fc2526 [0x01fc24d0+0x56]
J 33% C1 javabot.JavaBot.drawThreatMap()V (285 bytes) @ 0x01fbc854 [0x01fbbfa0+0x8b4]
j  javabot.JavaBot.drawDebugInfo()V+1
j  javabot.JavaBot.gameUpdate()V+1
j  javabot.JNIBWAPI.gameUpdate()V+545
v  ~StubRoutines::call_stub
j  javabot.JNIBWAPI.startClient(Ljavabot/JNIBWAPI;)V+0
j  javabot.JNIBWAPI.start()V+2
j  javabot.JavaBot.<init>()V+20
j  javabot.JavaBot.main([Ljava/lang/String;)V+3
v  ~StubRoutines::call_stub

---------------  P R O C E S S  ---------------

Java Threads: ( => current thread )
  0x01e70000 JavaThread "Service Thread" daemon [_thread_blocked, id=6348, stack(0x14730000,0x14780000)]
  0x01e49000 JavaThread "C1 CompilerThread0" daemon [_thread_blocked, id=4288, stack(0x146a0000,0x146f0000)]
  0x01e48000 JavaThread "Attach Listener" daemon [_thread_blocked, id=5028, stack(0x14610000,0x14660000)]
  0x01e46000 JavaThread "Signal Dispatcher" daemon [_thread_blocked, id=4964, stack(0x14580000,0x145d0000)]
  0x01e3a800 JavaThread "Finalizer" daemon [_thread_blocked, id=3540, stack(0x144f0000,0x14540000)]
  0x01e34800 JavaThread "Reference Handler" daemon [_thread_blocked, id=2024, stack(0x14460000,0x144b0000)]
=>0x01d3bc00 JavaThread "main" [_thread_in_native, id=4680, stack(0x01c60000,0x01cb0000)]

Other Threads:
  0x01e32c00 VMThread [stack: 0x03f70000,0x03fc0000] [id=2500]
  0x01e75000 WatcherThread [stack: 0x147c0000,0x14810000] [id=1588]

VM state:not at safepoint (normal execution)

VM Mutex/Monitor currently owned by a thread: None

Heap:
 def new generation   total 4928K, used 2956K [0x04000000, 0x04550000, 0x09550000)
  eden space 4416K,  55% used [0x04000000, 0x04263318, 0x04450000)
  from space 512K, 100% used [0x044d0000, 0x04550000, 0x04550000)
  to   space 512K,   0% used [0x04450000, 0x04450000, 0x044d0000)
 tenured generation   total 10944K, used 7382K [0x09550000, 0x0a000000, 0x14000000)
   the space 10944K,  67% used [0x09550000, 0x09c85bd0, 0x09c85c00, 0x0a000000)
 Metaspace       used 151K, capacity 2376K, committed 2496K, reserved 4480K

Card table byte_map: [0x01d50000,0x01de0000] byte_map_base: 0x01d30000

Polling page: 0x00540000

CodeCache: size=32768Kb used=714Kb max_used=714Kb free=32053Kb
 bounds [0x01f10000, 0x01fc8000, 0x03f10000]
 total_blobs=187 nmethods=49 adapters=70
 compilation: enabled

Compilation events (10 events):
Event: 10.483 Thread 0x01e49000   44             java.lang.AbstractStringBuilder::append (62 bytes)
Event: 10.484 Thread 0x01e49000 nmethod 44 0x01fc1048 code [0x01fc1180, 0x01fc1334]
Event: 10.484 Thread 0x01e49000   45             java.util.Arrays::copyOfRange (63 bytes)
Event: 10.484 Thread 0x01e49000 nmethod 45 0x01fc15c8 code [0x01fc1720, 0x01fc1ab8]
Event: 10.484 Thread 0x01e49000   46             java.lang.String::<init> (62 bytes)
Event: 10.485 Thread 0x01e49000 nmethod 46 0x01fc1d48 code [0x01fc1e80, 0x01fc2050]
Event: 10.485 Thread 0x01e49000   47             java.lang.String::<init> (10 bytes)
Event: 10.485 Thread 0x01e49000 nmethod 47 0x01fc2208 code [0x01fc2300, 0x01fc2390]
Event: 10.485 Thread 0x01e49000   48             java.lang.Integer::toString (48 bytes)
Event: 10.486 Thread 0x01e49000 nmethod 48 0x01fc2648 code [0x01fc2770, 0x01fc297c]

GC Heap History (6 events):
Event: 8.497 GC heap before
{Heap before GC invocations=0 (full 0):
 def new generation   total 4928K, used 1687K [0x04000000, 0x04550000, 0x09550000)
  eden space 4416K,  38% used [0x04000000, 0x041a5ea8, 0x04450000)
  from space 512K,   0% used [0x04450000, 0x04450000, 0x044d0000)
  to   space 512K,   0% used [0x044d0000, 0x044d0000, 0x04550000)
 tenured generation   total 10944K, used 0K [0x09550000, 0x0a000000, 0x14000000)
   the space 10944K,   0% used [0x09550000, 0x09550000, 0x09550200, 0x0a000000)
 Metaspace       used 147K, capacity 2376K, committed 2496K, reserved 4480K
Event: 8.499 GC heap after
Heap after GC invocations=1 (full 0):
 def new generation   total 4928K, used 512K [0x04000000, 0x04550000, 0x09550000)
  eden space 4416K,   0% used [0x04000000, 0x04000000, 0x04450000)
  from space 512K, 100% used [0x044d0000, 0x04550000, 0x04550000)
  to   space 512K,   0% used [0x04450000, 0x04450000, 0x044d0000)
 tenured generation   total 10944K, used 643K [0x09550000, 0x0a000000, 0x14000000)
   the space 10944K,   5% used [0x09550000, 0x095f0d18, 0x095f0e00, 0x0a000000)
 Metaspace       used 147K, capacity 2376K, committed 2496K, reserved 4480K
}
Event: 8.502 GC heap before
{Heap before GC invocations=1 (full 0):
 def new generation   total 4928K, used 4784K [0x04000000, 0x04550000, 0x09550000)
  eden space 4416K,  96% used [0x04000000, 0x0442c310, 0x04450000)
  from space 512K, 100% used [0x044d0000, 0x04550000, 0x04550000)
  to   space 512K,   0% used [0x04450000, 0x04450000, 0x044d0000)
 tenured generation   total 10944K, used 643K [0x09550000, 0x0a000000, 0x14000000)
   the space 10944K,   5% used [0x09550000, 0x095f0d18, 0x095f0e00, 0x0a000000)
 Metaspace       used 148K, capacity 2376K, committed 2496K, reserved 4480K
Event: 8.505 GC heap after
Heap after GC invocations=2 (full 0):
 def new generation   total 4928K, used 64K [0x04000000, 0x04550000, 0x09550000)
  eden space 4416K,   0% used [0x04000000, 0x04000000, 0x04450000)
  from space 512K,  12% used [0x04450000, 0x044600c0, 0x044d0000)
  to   space 512K,   0% used [0x044d0000, 0x044d0000, 0x04550000)
 tenured generation   total 10944K, used 5251K [0x09550000, 0x0a000000, 0x14000000)
   the space 10944K,  47% used [0x09550000, 0x09a70d08, 0x09a70e00, 0x0a000000)
 Metaspace       used 148K, capacity 2376K, committed 2496K, reserved 4480K
}
Event: 10.493 GC heap before
{Heap before GC invocations=2 (full 0):
 def new generation   total 4928K, used 4480K [0x04000000, 0x04550000, 0x09550000)
  eden space 4416K, 100% used [0x04000000, 0x04450000, 0x04450000)
  from space 512K,  12% used [0x04450000, 0x044600c0, 0x044d0000)
  to   space 512K,   0% used [0x044d0000, 0x044d0000, 0x04550000)
 tenured generation   total 10944K, used 5251K [0x09550000, 0x0a000000, 0x14000000)
   the space 10944K,  47% used [0x09550000, 0x09a70d08, 0x09a70e00, 0x0a000000)
 Metaspace       used 151K, capacity 2376K, committed 2496K, reserved 4480K
Event: 10.499 GC heap after
Heap after GC invocations=3 (full 0):
 def new generation   total 4928K, used 512K [0x04000000, 0x04550000, 0x09550000)
  eden space 4416K,   0% used [0x04000000, 0x04000000, 0x04450000)
  from space 512K, 100% used [0x044d0000, 0x04550000, 0x04550000)
  to   space 512K,   0% used [0x04450000, 0x04450000, 0x044d0000)
 tenured generation   total 10944K, used 7382K [0x09550000, 0x0a000000, 0x14000000)
   the space 10944K,  67% used [0x09550000, 0x09c85bd0, 0x09c85c00, 0x0a000000)
 Metaspace       used 151K, capacity 2376K, committed 2496K, reserved 4480K
}

Deoptimization events (0 events):
No events

Internal exceptions (10 events):
Event: 4.186 Thread 0x01d3bc00 Exception <a 'java/security/PrivilegedActionException'> (0x040bc1a8) thrown at [D:\re\puppet\workspace\8-2-build-windows-i586-cygwin\jdk8u11\648\hotspot\src\share\vm\prims\jvm.cpp, line 1248]
Event: 4.188 Thread 0x01d3bc00 Exception <a 'java/security/PrivilegedActionException'> (0x040c6c48) thrown at [D:\re\puppet\workspace\8-2-build-windows-i586-cygwin\jdk8u11\648\hotspot\src\share\vm\prims\jvm.cpp, line 1248]
Event: 4.189 Thread 0x01d3bc00 Exception <a 'java/security/PrivilegedActionException'> (0x040c8688) thrown at [D:\re\puppet\workspace\8-2-build-windows-i586-cygwin\jdk8u11\648\hotspot\src\share\vm\prims\jvm.cpp, line 1248]
Event: 4.190 Thread 0x01d3bc00 Exception <a 'java/security/PrivilegedActionException'> (0x040cb030) thrown at [D:\re\puppet\workspace\8-2-build-windows-i586-cygwin\jdk8u11\648\hotspot\src\share\vm\prims\jvm.cpp, line 1248]
Event: 4.191 Thread 0x01d3bc00 Exception <a 'java/security/PrivilegedActionException'> (0x040ccaf8) thrown at [D:\re\puppet\workspace\8-2-build-windows-i586-cygwin\jdk8u11\648\hotspot\src\share\vm\prims\jvm.cpp, line 1248]
Event: 4.191 Thread 0x01d3bc00 Exception <a 'java/security/PrivilegedActionException'> (0x040cee30) thrown at [D:\re\puppet\workspace\8-2-build-windows-i586-cygwin\jdk8u11\648\hotspot\src\share\vm\prims\jvm.cpp, line 1248]
Event: 4.192 Thread 0x01d3bc00 Exception <a 'java/security/PrivilegedActionException'> (0x040d1a90) thrown at [D:\re\puppet\workspace\8-2-build-windows-i586-cygwin\jdk8u11\648\hotspot\src\share\vm\prims\jvm.cpp, line 1248]
Event: 8.477 Thread 0x01d3bc00 Exception <a 'java/security/PrivilegedActionException'> (0x040d79c0) thrown at [D:\re\puppet\workspace\8-2-build-windows-i586-cygwin\jdk8u11\648\hotspot\src\share\vm\prims\jvm.cpp, line 1248]
Event: 8.482 Thread 0x01d3bc00 Exception <a 'java/security/PrivilegedActionException'> (0x04120078) thrown at [D:\re\puppet\workspace\8-2-build-windows-i586-cygwin\jdk8u11\648\hotspot\src\share\vm\prims\jvm.cpp, line 1248]
Event: 10.462 Thread 0x01d3bc00 Exception <a 'java/security/PrivilegedActionException'> (0x04107a28) thrown at [D:\re\puppet\workspace\8-2-build-windows-i586-cygwin\jdk8u11\648\hotspot\src\share\vm\prims\jvm.cpp, line 1248]

Events (10 events):
Event: 8.502 Executing VM operation: GenCollectForAllocation
Event: 8.505 Executing VM operation: GenCollectForAllocation done
Event: 10.462 loading class javabot/model/Region
Event: 10.462 loading class javabot/model/Region done
Event: 10.493 Executing VM operation: GenCollectForAllocation
Event: 10.499 Executing VM operation: GenCollectForAllocation done
Event: 10.499 Executing VM operation: RevokeBias
Event: 10.499 Executing VM operation: RevokeBias done
Event: 10.499 Executing VM operation: RevokeBias
Event: 10.500 Executing VM operation: RevokeBias done


Dynamic libraries:
0x00380000 - 0x003b0000 	C:\Program Files (x86)\Java\jre8\bin\javaw.exe
0x77e60000 - 0x77fc8000 	C:\WINDOWS\SYSTEM32\ntdll.dll
0x75af0000 - 0x75c30000 	C:\WINDOWS\SYSTEM32\KERNEL32.DLL
0x759e0000 - 0x75aaf000 	C:\WINDOWS\SYSTEM32\KERNELBASE.dll
0x74a80000 - 0x74b19000 	C:\WINDOWS\system32\apphelp.dll
0x74820000 - 0x74a79000 	C:\WINDOWS\AppPatch\AcGenral.DLL
0x771e0000 - 0x7729e000 	C:\WINDOWS\SYSTEM32\msvcrt.dll
0x77770000 - 0x777ae000 	C:\WINDOWS\SYSTEM32\sechost.dll
0x75890000 - 0x758ad000 	C:\WINDOWS\SYSTEM32\SspiCli.dll
0x777b0000 - 0x777f1000 	C:\WINDOWS\SYSTEM32\SHLWAPI.dll
0x74740000 - 0x7481b000 	C:\WINDOWS\SYSTEM32\UxTheme.dll
0x77570000 - 0x776bf000 	C:\WINDOWS\SYSTEM32\USER32.dll
0x779b0000 - 0x77ab7000 	C:\WINDOWS\SYSTEM32\GDI32.dll
0x746d0000 - 0x746f0000 	C:\WINDOWS\SYSTEM32\WINMM.dll
0x746b0000 - 0x746c2000 	C:\WINDOWS\SYSTEM32\samcli.dll
0x77ad0000 - 0x77bdc000 	C:\WINDOWS\SYSTEM32\ole32.dll
0x772a0000 - 0x77327000 	C:\WINDOWS\SYSTEM32\OLEAUT32.dll
0x74690000 - 0x746a5000 	C:\WINDOWS\SYSTEM32\MSACM32.dll
0x74dc0000 - 0x74dc8000 	C:\WINDOWS\SYSTEM32\VERSION.dll
0x76020000 - 0x771e0000 	C:\WINDOWS\SYSTEM32\SHELL32.dll
0x745d0000 - 0x745e9000 	C:\WINDOWS\SYSTEM32\USERENV.dll
0x745b0000 - 0x745c8000 	C:\WINDOWS\SYSTEM32\dwmapi.dll
0x74480000 - 0x745a8000 	C:\WINDOWS\SYSTEM32\urlmon.dll
0x75e50000 - 0x75ec8000 	C:\WINDOWS\SYSTEM32\ADVAPI32.dll
0x74420000 - 0x7447e000 	C:\WINDOWS\SYSTEM32\WINSPOOL.DRV
0x74340000 - 0x74354000 	C:\WINDOWS\SYSTEM32\MPR.dll
0x758b0000 - 0x75960000 	C:\WINDOWS\SYSTEM32\RPCRT4.dll
0x75880000 - 0x75889000 	C:\WINDOWS\SYSTEM32\CRYPTBASE.dll
0x77810000 - 0x7795e000 	C:\WINDOWS\SYSTEM32\combase.dll
0x74320000 - 0x74340000 	C:\WINDOWS\SYSTEM32\WINMMBASE.dll
0x74310000 - 0x7431e000 	C:\WINDOWS\SYSTEM32\profapi.dll
0x740f0000 - 0x7430a000 	C:\WINDOWS\SYSTEM32\iertutil.dll
0x73f30000 - 0x740ed000 	C:\WINDOWS\SYSTEM32\WININET.dll
0x75820000 - 0x75873000 	C:\WINDOWS\SYSTEM32\bcryptPrimitives.dll
0x75d70000 - 0x75daa000 	C:\WINDOWS\SYSTEM32\cfgmgr32.dll
0x73f10000 - 0x73f2f000 	C:\WINDOWS\SYSTEM32\DEVOBJ.dll
0x73e90000 - 0x73f06000 	C:\WINDOWS\SYSTEM32\SHCORE.DLL
0x774b0000 - 0x774d5000 	C:\WINDOWS\system32\IMM32.DLL
0x75c30000 - 0x75d27000 	C:\WINDOWS\SYSTEM32\MSCTF.dll
0x73900000 - 0x73ae6000 	C:\WINDOWS\WinSxS\x86_microsoft.windows.common-controls_6595b64144ccf1df_6.0.9600.17031_none_a9efdb8b01377ea7\COMCTL32.dll
0x71a30000 - 0x71aef000 	C:\Program Files (x86)\Java\jre8\bin\msvcr100.dll
0x64690000 - 0x64a27000 	C:\Program Files (x86)\Java\jre8\bin\client\jvm.dll
0x73b90000 - 0x73b98000 	C:\WINDOWS\SYSTEM32\WSOCK32.dll
0x75ac0000 - 0x75ac6000 	C:\WINDOWS\SYSTEM32\PSAPI.DLL
0x77960000 - 0x779ad000 	C:\WINDOWS\SYSTEM32\WS2_32.dll
0x77800000 - 0x77807000 	C:\WINDOWS\SYSTEM32\NSI.dll
0x71a20000 - 0x71a2c000 	C:\Program Files (x86)\Java\jre8\bin\verify.dll
0x719f0000 - 0x71a11000 	C:\Program Files (x86)\Java\jre8\bin\java.dll
0x719d0000 - 0x719e3000 	C:\Program Files (x86)\Java\jre8\bin\zip.dll
0x69ce0000 - 0x69ec4000 	C:\Users\wesley\Desktop\JNIBWAPI Starter Pack\jnibwapi\release\client-bridge-1_4-x86.dll
0x14a10000 - 0x14a3b000 	C:\MinGW\bin\gmp-vc90-mt.dll
0x14a40000 - 0x14a81000 	C:\MinGW\bin\mpfr-vc90-mt.dll
0x718e0000 - 0x7196e000 	C:\WINDOWS\WinSxS\x86_microsoft.vc90.crt_1fc8b3b9a1e18e3b_9.0.30729.8387_none_5094ca96bcb6b2bb\MSVCP90.dll
0x75770000 - 0x75813000 	C:\WINDOWS\WinSxS\x86_microsoft.vc90.crt_1fc8b3b9a1e18e3b_9.0.30729.8387_none_5094ca96bcb6b2bb\MSVCR90.dll
0x698a0000 - 0x699e8000 	C:\WINDOWS\SYSTEM32\dbghelp.dll

VM Arguments:
jvm_args: -Djava.library.path=C:\Users\wesley\Desktop\JNIBWAPI Starter Pack\jnibwapi\release -Dfile.encoding=Cp1252 
java_command: javabot.JavaBot
java_class_path (initial): C:\Users\wesley\Desktop\JNIBWAPI Starter Pack\jnibwapi\bin
Launcher Type: SUN_STANDARD

Environment Variables:
CLASSPATH=.;C:\Program Files (x86)\Java\jre7\lib\ext\QTJava.zip
PATH=C:/Program Files/Java/jdk1.7.0_40/bin/../jre/bin/server;C:/Program Files/Java/jdk1.7.0_40/bin/../jre/bin;C:/Program Files/Java/jdk1.7.0_40/bin/../jre/lib/amd64;C:\MinGW\bin;C:\Python33\;C:\Program Files (x86)\Intel\iCLS Client\;C:\Program Files\Intel\iCLS Client\;C:\WINDOWS\system32;C:\WINDOWS;C:\WINDOWS\System32\Wbem;C:\WINDOWS\System32\WindowsPowerShell\v1.0\;C:\Program Files\Intel\Intel(R) Management Engine Components\DAL;C:\Program Files\Intel\Intel(R) Management Engine Components\IPT;C:\Program Files (x86)\Intel\Intel(R) Management Engine Components\DAL;C:\Program Files (x86)\Intel\Intel(R) Management Engine Components\IPT;C:\Program Files (x86)\Intel\OpenCL SDK\2.0\bin\x86;C:\Program Files (x86)\Intel\OpenCL SDK\2.0\bin\x64;C:\Program Files (x86)\QuickTime\QTSystem\;C:\Program Files\Microsoft SQL Server\110\Tools\Binn\;c:\Program Files (x86)\Microsoft SQL Server\100\Tools\Binn\;c:\Program Files\Microsoft SQL Server\100\Tools\Binn\;c:\Program Files\Microsoft SQL Server\100\DTS\Binn\;C:\Program Files\Microsoft\Web Platform Installer\;C:\Program Files\Java\jdk1.7.0_40\bin;C:\Program Files\eclipse;
USERNAME=wesley
OS=Windows_NT
PROCESSOR_IDENTIFIER=Intel64 Family 6 Model 58 Stepping 9, GenuineIntel



---------------  S Y S T E M  ---------------

OS: Windows 8.1 , 64 bit Build 9600 

CPU:total 4 (2 cores per cpu, 2 threads per core) family 6 model 58 stepping 9, cmov, cx8, fxsr, mmx, sse, sse2, sse3, ssse3, sse4.1, sse4.2, popcnt, avx, clmul, erms, ht, tsc, tscinvbit

Memory: 4k page, physical 4055292k(1089524k free), swap 7856380k(3884960k free)

vm_info: Java HotSpot(TM) Client VM (25.11-b03) for windows-x86 JRE (1.8.0_11-b12), built on Jun 16 2014 18:18:58 by "java_re" with MS VC++ 10.0 (VS2010)

time: Wed Aug 20 21:09:59 2014
elapsed time: 10 seconds

